
Gurobi 8.1.1 (linux64, Python) logging started Wed 18 Sep 2019 04:37:14 PM EDT

Academic license - for non-commercial use only

Gurobi 8.1.1 (linux64, Python) logging started Wed 18 Sep 2019 04:37:39 PM EDT

Academic license - for non-commercial use only

Gurobi 8.1.1 (linux64, Python) logging started Wed 18 Sep 2019 04:37:49 PM EDT

Academic license - for non-commercial use only

Gurobi 8.1.1 (linux64, Python) logging started Wed 18 Sep 2019 04:37:53 PM EDT

Academic license - for non-commercial use only

Gurobi 8.1.1 (linux64, Python) logging started Wed 18 Sep 2019 04:39:54 PM EDT

Academic license - for non-commercial use only

Gurobi 8.1.1 (linux64, Python) logging started Wed 18 Sep 2019 04:41:15 PM EDT

Academic license - for non-commercial use only

Gurobi 8.1.1 (linux64, Python) logging started Wed 18 Sep 2019 04:42:33 PM EDT

Academic license - for non-commercial use only

Gurobi 8.1.1 (linux64, Python) logging started Wed 18 Sep 2019 04:42:51 PM EDT

Academic license - for non-commercial use only

Gurobi 8.1.1 (linux64, Python) logging started Wed 18 Sep 2019 04:43:04 PM EDT

Academic license - for non-commercial use only

Gurobi 8.1.1 (linux64, Python) logging started Wed 18 Sep 2019 04:43:38 PM EDT

Academic license - for non-commercial use only

Gurobi 8.1.1 (linux64, Python) logging started Wed 18 Sep 2019 04:45:17 PM EDT

Academic license - for non-commercial use only

Gurobi 8.1.1 (linux64, Python) logging started Wed 18 Sep 2019 10:31:28 PM EDT

Academic license - for non-commercial use only

Gurobi 8.1.1 (linux64, Python) logging started Wed 18 Sep 2019 10:42:52 PM EDT

Academic license - for non-commercial use only

Gurobi 8.1.1 (linux64, Python) logging started Wed 18 Sep 2019 10:43:43 PM EDT

Academic license - for non-commercial use only

Gurobi 8.1.1 (linux64, Python) logging started Wed 18 Sep 2019 10:44:20 PM EDT

Academic license - for non-commercial use only

Gurobi 8.1.1 (linux64, Python) logging started Wed 18 Sep 2019 10:49:05 PM EDT

Academic license - for non-commercial use only

Gurobi 8.1.1 (linux64, Python) logging started Wed 18 Sep 2019 10:51:12 PM EDT

Academic license - for non-commercial use only

Gurobi 8.1.1 (linux64, Python) logging started Wed 18 Sep 2019 10:52:54 PM EDT

Academic license - for non-commercial use only

Gurobi 8.1.1 (linux64, Python) logging started Wed 18 Sep 2019 10:54:20 PM EDT

Academic license - for non-commercial use only

Gurobi 8.1.1 (linux64, Python) logging started Wed 18 Sep 2019 10:55:27 PM EDT

Academic license - for non-commercial use only

Gurobi 8.1.1 (linux64, Python) logging started Wed 18 Sep 2019 10:55:50 PM EDT

Academic license - for non-commercial use only

Gurobi 8.1.1 (linux64, Python) logging started Wed 18 Sep 2019 10:56:22 PM EDT

Academic license - for non-commercial use only

Gurobi 8.1.1 (linux64, Python) logging started Wed 18 Sep 2019 10:56:43 PM EDT

Academic license - for non-commercial use only

Gurobi 8.1.1 (linux64, Python) logging started Wed 18 Sep 2019 10:56:57 PM EDT

Academic license - for non-commercial use only

Gurobi 8.1.1 (linux64, Python) logging started Wed 18 Sep 2019 10:57:37 PM EDT

Academic license - for non-commercial use only

Gurobi 8.1.1 (linux64, Python) logging started Wed 18 Sep 2019 10:58:18 PM EDT

Academic license - for non-commercial use only

Gurobi 8.1.1 (linux64, Python) logging started Wed 18 Sep 2019 10:59:21 PM EDT

Academic license - for non-commercial use only

Gurobi 8.1.1 (linux64, Python) logging started Wed 18 Sep 2019 11:03:46 PM EDT

Academic license - for non-commercial use only

Gurobi 8.1.1 (linux64, Python) logging started Wed 18 Sep 2019 11:04:41 PM EDT

Academic license - for non-commercial use only

Gurobi 8.1.1 (linux64, Python) logging started Wed 18 Sep 2019 11:06:55 PM EDT

Academic license - for non-commercial use only
Parameter OutputFlag unchanged
   Value: 1  Min: 0  Max: 1  Default: 1
Optimize a model with 1948 rows, 1887 columns and 13942 nonzeros
Model has 1 quadratic constraint
Coefficient statistics:
  Matrix range     [1e-07, 1e+10]
  QMatrix range    [2e-12, 7e+22]
  QLMatrix range   [1e+00, 1e+00]
  Objective range  [2e+01, 3e+08]
  Bounds range     [0e+00, 0e+00]
  RHS range        [2e-02, 3e+03]
Warning: Model contains large matrix coefficient range
Warning: Quadratic constraint contains large coefficient range
         Consider reformulating model or setting NumericFocus parameter
         to avoid numerical issues.
Presolve removed 604 rows and 1438 columns
Presolve time: 0.02s
Presolved: 1344 rows, 449 columns, 4032 nonzeros
Ordering time: 0.00s

Barrier statistics:
 Dense cols : 1
 AA' NZ     : 1.400e+02
 Factor NZ  : 2.770e+02
 Factor Ops : 3.845e+03 (less than 1 second per iteration)
 Threads    : 1

                  Objective                Residual
Iter       Primal          Dual         Primal    Dual     Compl     Time
   0   8.56647570e+08 -5.64459121e+08  3.59e-01 7.20e+07  1.34e+09     0s
   1   8.84451681e+07 -5.33921170e+09  3.79e-02 9.97e+06  1.77e+08     0s
   2  -6.60967952e+06 -2.05373916e+09  0.00e+00 2.68e+06  6.21e+07     0s
   3  -1.28708934e+07 -5.18746322e+07  0.00e+00 3.98e+04  1.17e+06     0s
   4  -1.44180440e+07 -1.47383220e+07  0.00e+00 2.89e+02  9.57e+03     0s
   5  -1.44197588e+07 -1.44203070e+07  0.00e+00 2.03e-01  1.62e+01     0s
   6  -1.44197606e+07 -1.44197620e+07  0.00e+00 3.47e-04  4.39e-02     0s
   7  -1.44197606e+07 -1.44197606e+07  0.00e+00 5.27e-07  1.73e-07     0s
   8  -1.44197606e+07 -1.44197606e+07  0.00e+00 4.62e-08  6.40e-10     0s
   9  -1.44197606e+07 -1.44197606e+07  0.00e+00 2.17e-10  3.01e-12     0s

Barrier solved model in 9 iterations and 0.02 seconds
Optimal objective -1.44197606e+07

Parameter OutputFlag unchanged
   Value: 1  Min: 0  Max: 1  Default: 1
Optimize a model with 1948 rows, 1887 columns and 13934 nonzeros
Model has 1 quadratic constraint
Coefficient statistics:
  Matrix range     [2e-07, 1e+10]
  QMatrix range    [2e-12, 4e+23]
  QLMatrix range   [1e+00, 1e+00]
  Objective range  [2e+02, 8e+03]
  Bounds range     [0e+00, 0e+00]
  RHS range        [1e-02, 3e+03]
Warning: Model contains large matrix coefficient range
Warning: Quadratic constraint contains large coefficient range
         Consider reformulating model or setting NumericFocus parameter
         to avoid numerical issues.
Presolve removed 1276 rows and 1439 columns
Presolve time: 0.02s
Presolved: 672 rows, 1120 columns, 2016 nonzeros
Ordering time: 0.00s

Barrier statistics:
 AA' NZ     : 2.600e+01
 Factor NZ  : 7.800e+01
 Factor Ops : 6.500e+02 (less than 1 second per iteration)
 Threads    : 1

                  Objective                Residual
Iter       Primal          Dual         Primal    Dual     Compl     Time
   0  -8.43061465e+06 -8.43061533e+06  2.60e-01 0.00e+00  4.71e-02     0s
   1  -8.43061465e+06 -8.43061481e+06  2.17e-04 1.45e-04  4.87e-03     0s
   2  -8.43061465e+06 -8.43061465e+06  5.27e-16 6.92e-08  7.23e-06     0s
   3  -8.43061465e+06 -8.43061465e+06  8.33e-16 1.04e-10  1.82e-08     0s
   4  -8.43061465e+06 -8.43061465e+06  1.78e-15 2.63e-13  6.43e-11     0s
   5  -8.43061465e+06 -8.43061465e+06  3.50e-15 9.32e-16  2.93e-13     0s

Barrier solved model in 5 iterations and 0.02 seconds
Optimal objective -8.43061465e+06

Parameter OutputFlag unchanged
   Value: 1  Min: 0  Max: 1  Default: 1
Optimize a model with 1948 rows, 1887 columns and 13930 nonzeros
Model has 1 quadratic constraint
Coefficient statistics:
  Matrix range     [2e-07, 1e+10]
  QMatrix range    [2e-12, 2e+23]
  QLMatrix range   [1e+00, 1e+00]
  Objective range  [2e+01, 8e+03]
  Bounds range     [0e+00, 0e+00]
  RHS range        [2e-02, 3e+03]
Warning: Model contains large matrix coefficient range
Warning: Quadratic constraint contains large coefficient range
         Consider reformulating model or setting NumericFocus parameter
         to avoid numerical issues.
Presolve removed 1276 rows and 1439 columns
Presolve time: 0.02s
Presolved: 672 rows, 1120 columns, 2016 nonzeros
Ordering time: 0.00s

Barrier statistics:
 AA' NZ     : 2.600e+01
 Factor NZ  : 7.800e+01
 Factor Ops : 6.500e+02 (less than 1 second per iteration)
 Threads    : 1

                  Objective                Residual
Iter       Primal          Dual         Primal    Dual     Compl     Time
   0  -4.47158828e+06 -4.47158896e+06  2.63e-01 0.00e+00  4.76e-02     0s
   1  -4.47158828e+06 -4.47158844e+06  2.19e-04 2.48e-04  4.96e-03     0s
   2  -4.47158828e+06 -4.47158828e+06  3.89e-16 1.01e-07  6.97e-06     0s
   3  -4.47158828e+06 -4.47158828e+06  1.50e-15 1.45e-10  1.70e-08     0s
   4  -4.47158828e+06 -4.47158828e+06  5.11e-15 3.56e-13  5.91e-11     0s
   5  -4.47158828e+06 -4.47158828e+06  5.19e-15 1.24e-15  2.66e-13     0s

Barrier solved model in 5 iterations and 0.02 seconds
Optimal objective -4.47158828e+06

Parameter OutputFlag unchanged
   Value: 1  Min: 0  Max: 1  Default: 1
Optimize a model with 1948 rows, 1887 columns and 13934 nonzeros
Model has 1 quadratic constraint
Coefficient statistics:
  Matrix range     [2e-07, 1e+10]
  QMatrix range    [2e-12, 1e+23]
  QLMatrix range   [1e+00, 1e+00]
  Objective range  [2e+02, 7e+03]
  Bounds range     [0e+00, 0e+00]
  RHS range        [3e-02, 3e+03]
Warning: Model contains large matrix coefficient range
Warning: Quadratic constraint contains large coefficient range
         Consider reformulating model or setting NumericFocus parameter
         to avoid numerical issues.
Presolve removed 1276 rows and 1439 columns
Presolve time: 0.02s
Presolved: 672 rows, 1120 columns, 2016 nonzeros
Ordering time: 0.00s

Barrier statistics:
 AA' NZ     : 2.600e+01
 Factor NZ  : 7.800e+01
 Factor Ops : 6.500e+02 (less than 1 second per iteration)
 Threads    : 1

                  Objective                Residual
Iter       Primal          Dual         Primal    Dual     Compl     Time
   0  -3.46499470e+06 -3.46499539e+06  2.62e-01 0.00e+00  4.76e-02     0s
   1  -3.46499470e+06 -3.46499486e+06  2.18e-04 3.02e-04  4.96e-03     0s
   2  -3.46499470e+06 -3.46499470e+06  5.27e-16 1.11e-07  6.79e-06     0s
   3  -3.46499470e+06 -3.46499470e+06  2.64e-15 1.56e-10  1.63e-08     0s
   4  -3.46499470e+06 -3.46499470e+06  1.22e-15 3.77e-13  5.60e-11     0s
   5  -3.46499470e+06 -3.46499470e+06  3.47e-15 1.31e-15  2.49e-13     0s

Barrier solved model in 5 iterations and 0.02 seconds
Optimal objective -3.46499470e+06

Parameter OutputFlag unchanged
   Value: 1  Min: 0  Max: 1  Default: 1
Optimize a model with 1948 rows, 1887 columns and 13934 nonzeros
Model has 1 quadratic constraint
Coefficient statistics:
  Matrix range     [2e-07, 1e+10]
  QMatrix range    [2e-12, 1e+23]
  QLMatrix range   [1e+00, 1e+00]
  Objective range  [1e+02, 1e+07]
  Bounds range     [0e+00, 0e+00]
  RHS range        [4e-02, 3e+03]
Warning: Model contains large matrix coefficient range
Warning: Quadratic constraint contains large coefficient range
         Consider reformulating model or setting NumericFocus parameter
         to avoid numerical issues.
Presolve removed 1276 rows and 1439 columns
Presolve time: 0.02s
Presolved: 672 rows, 1120 columns, 2016 nonzeros
Ordering time: 0.00s

Barrier statistics:
 AA' NZ     : 2.600e+01
 Factor NZ  : 7.800e+01
 Factor Ops : 6.500e+02 (less than 1 second per iteration)
 Threads    : 1

                  Objective                Residual
Iter       Primal          Dual         Primal    Dual     Compl     Time
   0  -2.47190899e+06 -2.47190968e+06  2.63e-01 0.00e+00  4.79e-02     0s
   1  -2.47190899e+06 -2.47190915e+06  2.15e-04 4.56e-04  5.01e-03     0s
   2  -2.47190899e+06 -2.47190899e+06  6.66e-16 1.37e-07  6.52e-06     0s
   3  -2.47190899e+06 -2.47190899e+06  2.39e-15 1.80e-10  1.52e-08     0s
   4  -2.47190899e+06 -2.47190899e+06  4.75e-15 4.22e-13  5.10e-11     0s
   5  -2.47190899e+06 -2.47190899e+06  3.19e-15 1.46e-15  2.20e-13     0s

Barrier solved model in 5 iterations and 0.02 seconds
Optimal objective -2.47190899e+06

Parameter OutputFlag unchanged
   Value: 1  Min: 0  Max: 1  Default: 1
Optimize a model with 1948 rows, 1887 columns and 13934 nonzeros
Model has 1 quadratic constraint
Coefficient statistics:
  Matrix range     [2e-07, 1e+10]
  QMatrix range    [2e-12, 1e+23]
  QLMatrix range   [1e+00, 1e+00]
  Objective range  [3e+01, 6e+07]
  Bounds range     [0e+00, 0e+00]
  RHS range        [4e-02, 3e+03]
Warning: Model contains large matrix coefficient range
Warning: Quadratic constraint contains large coefficient range
         Consider reformulating model or setting NumericFocus parameter
         to avoid numerical issues.
Presolve removed 604 rows and 1438 columns
Presolve time: 0.02s
Presolved: 1344 rows, 449 columns, 4032 nonzeros
Ordering time: 0.00s

Barrier statistics:
 Dense cols : 1
 AA' NZ     : 1.400e+02
 Factor NZ  : 2.770e+02
 Factor Ops : 3.845e+03 (less than 1 second per iteration)
 Threads    : 1

                  Objective                Residual
Iter       Primal          Dual         Primal    Dual     Compl     Time
   0   8.16166764e+07 -6.37131071e+07  6.60e-01 2.29e+06  1.35e+08     0s
   1   8.97871306e+07 -3.10045501e+08  7.24e-01 1.67e+06  2.74e+07     0s
   2  -1.73747822e+06 -1.18927424e+08  1.50e-03 2.53e+04  3.50e+06     0s
   3  -2.33569384e+06 -1.43266039e+07  0.00e+00 2.62e+03  3.56e+05     0s
   4  -2.34916560e+06 -2.36305707e+06  0.00e+00 3.79e-01  4.09e+02     0s
   5  -2.34920681e+06 -2.34932897e+06  0.00e+00 2.96e-03  3.60e+00     0s
   6  -2.34920713e+06 -2.34920833e+06  0.00e+00 2.60e-05  3.52e-02     0s
   7  -2.34920714e+06 -2.34920715e+06  0.00e+00 2.54e-07  3.78e-04     0s
   8  -2.34920714e+06 -2.34920714e+06  0.00e+00 3.67e-09  4.44e-06     0s
   9  -2.34920714e+06 -2.34920714e+06  0.00e+00 1.94e-09  5.64e-08     0s
  10  -2.34920714e+06 -2.34920714e+06  0.00e+00 4.07e-13  7.73e-10     0s
  11  -2.34920714e+06 -2.34920714e+06  0.00e+00 5.60e-13  1.05e-14     0s

Barrier solved model in 11 iterations and 0.02 seconds
Optimal objective -2.34920714e+06

Parameter OutputFlag unchanged
   Value: 1  Min: 0  Max: 1  Default: 1
Optimize a model with 1948 rows, 1887 columns and 13926 nonzeros
Model has 1 quadratic constraint
Coefficient statistics:
  Matrix range     [2e-07, 1e+10]
  QMatrix range    [2e-12, 9e+22]
  QLMatrix range   [1e+00, 1e+00]
  Objective range  [4e+01, 2e+08]
  Bounds range     [0e+00, 0e+00]
  RHS range        [4e-02, 3e+03]
Warning: Model contains large matrix coefficient range
Warning: Quadratic constraint contains large coefficient range
         Consider reformulating model or setting NumericFocus parameter
         to avoid numerical issues.
Presolve removed 1276 rows and 1439 columns
Presolve time: 0.02s
Presolved: 672 rows, 1120 columns, 2016 nonzeros
Ordering time: 0.00s

Barrier statistics:
 AA' NZ     : 2.600e+01
 Factor NZ  : 7.800e+01
 Factor Ops : 6.500e+02 (less than 1 second per iteration)
 Threads    : 1

                  Objective                Residual
Iter       Primal          Dual         Primal    Dual     Compl     Time
   0  -2.06136936e+06 -2.06137005e+06  2.74e-01 0.00e+00  4.90e-02     0s
   1  -2.06136936e+06 -2.06136953e+06  2.17e-04 3.61e-04  5.19e-03     0s
   2  -2.06136936e+06 -2.06136936e+06  6.94e-16 2.14e-07  8.31e-06     0s
   3  -2.06136936e+06 -2.06136936e+06  3.11e-15 3.49e-10  2.20e-08     0s
   4  -2.06136936e+06 -2.06136936e+06  2.44e-15 9.30e-13  8.09e-11     0s
   5  -2.06136936e+06 -2.06136936e+06  4.58e-15 3.44e-15  3.82e-13     0s

Barrier solved model in 5 iterations and 0.02 seconds
Optimal objective -2.06136936e+06

Parameter OutputFlag unchanged
   Value: 1  Min: 0  Max: 1  Default: 1
Optimize a model with 1948 rows, 1887 columns and 13926 nonzeros
Model has 1 quadratic constraint
Coefficient statistics:
  Matrix range     [2e-07, 1e+10]
  QMatrix range    [2e-12, 8e+22]
  QLMatrix range   [1e+00, 1e+00]
  Objective range  [3e+01, 2e+08]
  Bounds range     [0e+00, 0e+00]
  RHS range        [4e-02, 3e+03]
Warning: Model contains large matrix coefficient range
Warning: Quadratic constraint contains large coefficient range
         Consider reformulating model or setting NumericFocus parameter
         to avoid numerical issues.
Presolve removed 604 rows and 1438 columns
Presolve time: 0.02s
Presolved: 1344 rows, 449 columns, 4032 nonzeros
Ordering time: 0.00s

Barrier statistics:
 Dense cols : 1
 AA' NZ     : 1.400e+02
 Factor NZ  : 2.770e+02
 Factor Ops : 3.845e+03 (less than 1 second per iteration)
 Threads    : 1

                  Objective                Residual
Iter       Primal          Dual         Primal    Dual     Compl     Time
   0   2.21665194e+08 -1.35678515e+08  3.60e-01 1.98e+07  4.10e+08     0s
   1  -1.50509353e+06 -1.59020983e+09  0.00e+00 7.33e+06  5.01e+07     0s
   2  -1.83785946e+06 -8.89269002e+06  0.00e+00 1.35e+04  2.12e+05     0s
   3  -2.00026881e+06 -2.09474651e+06  0.00e+00 1.34e+02  2.83e+03     0s
   4  -2.00958169e+06 -2.00968588e+06  0.00e+00 1.39e-02  3.07e+00     0s
   5  -2.00959090e+06 -2.00959132e+06  0.00e+00 4.38e-05  1.24e-02     0s
   6  -2.00959092e+06 -2.00959093e+06  0.00e+00 1.77e-07  6.16e-05     0s
   7  -2.00959092e+06 -2.00959092e+06  0.00e+00 8.78e-10  3.63e-07     0s
   8  -2.00959092e+06 -2.00959092e+06  0.00e+00 1.76e-07  2.48e-09     0s
   9  -2.00959092e+06 -2.00959092e+06  0.00e+00 2.19e-08  1.93e-11     0s

Barrier solved model in 9 iterations and 0.02 seconds
Optimal objective -2.00959092e+06

Parameter OutputFlag unchanged
   Value: 1  Min: 0  Max: 1  Default: 1
Optimize a model with 1948 rows, 1887 columns and 13918 nonzeros
Model has 1 quadratic constraint
Coefficient statistics:
  Matrix range     [2e-07, 1e+10]
  QMatrix range    [2e-12, 8e+22]
  QLMatrix range   [1e+00, 1e+00]
  Objective range  [4e+01, 2e+08]
  Bounds range     [0e+00, 0e+00]
  RHS range        [5e-02, 3e+03]
Warning: Model contains large matrix coefficient range
Warning: Quadratic constraint contains large coefficient range
         Consider reformulating model or setting NumericFocus parameter
         to avoid numerical issues.
Presolve removed 604 rows and 1438 columns
Presolve time: 0.02s
Presolved: 1344 rows, 449 columns, 4032 nonzeros
Ordering time: 0.00s

Barrier statistics:
 Dense cols : 1
 AA' NZ     : 1.400e+02
 Factor NZ  : 2.770e+02
 Factor Ops : 3.845e+03 (less than 1 second per iteration)
 Threads    : 1

                  Objective                Residual
Iter       Primal          Dual         Primal    Dual     Compl     Time
   0   2.11364469e+08 -1.08324742e+08  3.47e-01 1.99e+07  3.87e+08     0s
   1  -1.25484236e+06 -1.54585984e+09  0.00e+00 5.95e+06  4.78e+07     0s
   2  -1.61513135e+06 -4.27279530e+06  0.00e+00 3.14e+03  7.93e+04     0s
   3  -1.67128346e+06 -1.68370603e+06  0.00e+00 6.16e+00  3.69e+02     0s
   4  -1.67339399e+06 -1.67340979e+06  0.00e+00 2.07e-03  4.66e-01     0s
   5  -1.67339609e+06 -1.67339613e+06  0.00e+00 2.74e-06  1.01e-03     0s
   6  -1.67339610e+06 -1.67339610e+06  0.00e+00 1.06e-07  3.15e-06     0s
   7  -1.67339610e+06 -1.67339610e+06  0.00e+00 2.69e-08  1.29e-08     0s
   8  -1.67339610e+06 -1.67339610e+06  0.00e+00 4.25e-08  6.58e-11     0s

Barrier solved model in 8 iterations and 0.02 seconds
Optimal objective -1.67339610e+06

Parameter OutputFlag unchanged
   Value: 1  Min: 0  Max: 1  Default: 1
Optimize a model with 1948 rows, 1887 columns and 13914 nonzeros
Model has 1 quadratic constraint
Coefficient statistics:
  Matrix range     [2e-07, 1e+10]
  QMatrix range    [2e-12, 7e+22]
  QLMatrix range   [1e+00, 1e+00]
  Objective range  [9e-01, 1e+08]
  Bounds range     [0e+00, 0e+00]
  RHS range        [5e-02, 3e+03]
Warning: Model contains large matrix coefficient range
Warning: Quadratic constraint contains large coefficient range
         Consider reformulating model or setting NumericFocus parameter
         to avoid numerical issues.
Presolve removed 604 rows and 1438 columns
Presolve time: 0.02s
Presolved: 1344 rows, 449 columns, 4032 nonzeros
Ordering time: 0.00s

Barrier statistics:
 Dense cols : 1
 AA' NZ     : 1.400e+02
 Factor NZ  : 2.770e+02
 Factor Ops : 3.845e+03 (less than 1 second per iteration)
 Threads    : 1

                  Objective                Residual
Iter       Primal          Dual         Primal    Dual     Compl     Time
   0   2.52008648e+08 -1.65155140e+08  4.43e-01 1.64e+07  4.36e+08     0s
   1   5.55463480e+07 -1.58900474e+09  9.89e-02 9.34e+06  6.17e+07     0s
   2   4.48328988e+06 -4.97796021e+08  9.38e-03 2.52e+06  1.61e+07     0s
   3  -1.41062592e+06 -1.49604947e+07  0.00e+00 2.54e+04  4.10e+05     0s
   4  -1.43565220e+06 -1.45457177e+06  0.00e+00 7.47e+00  5.61e+02     0s
   5  -1.43590118e+06 -1.43593216e+06  0.00e+00 4.85e-03  9.14e-01     0s
   6  -1.43590143e+06 -1.43590151e+06  0.00e+00 8.06e-06  2.42e-03     0s
   7  -1.43590143e+06 -1.43590143e+06  0.00e+00 2.15e-08  8.84e-06     0s
   8  -1.43590143e+06 -1.43590143e+06  0.00e+00 7.94e-11  4.13e-08     0s
   9  -1.43590143e+06 -1.43590143e+06  0.00e+00 3.73e-13  2.35e-10     0s
  10  -1.43590143e+06 -1.43590143e+06  0.00e+00 5.35e-11  2.35e-13     0s

Barrier solved model in 10 iterations and 0.02 seconds
Optimal objective -1.43590143e+06

Parameter OutputFlag unchanged
   Value: 1  Min: 0  Max: 1  Default: 1
Optimize a model with 1948 rows, 1887 columns and 13914 nonzeros
Model has 1 quadratic constraint
Coefficient statistics:
  Matrix range     [2e-07, 1e+10]
  QMatrix range    [2e-12, 8e+22]
  QLMatrix range   [1e+00, 1e+00]
  Objective range  [8e+01, 1e+08]
  Bounds range     [0e+00, 0e+00]
  RHS range        [5e-02, 3e+03]
Warning: Model contains large matrix coefficient range
Warning: Quadratic constraint contains large coefficient range
         Consider reformulating model or setting NumericFocus parameter
         to avoid numerical issues.
Presolve removed 604 rows and 1438 columns
Presolve time: 0.02s
Presolved: 1344 rows, 449 columns, 4032 nonzeros
Ordering time: 0.00s

Barrier statistics:
 Dense cols : 1
 AA' NZ     : 1.400e+02
 Factor NZ  : 2.770e+02
 Factor Ops : 3.845e+03 (less than 1 second per iteration)
 Threads    : 1

                  Objective                Residual
Iter       Primal          Dual         Primal    Dual     Compl     Time
   0   2.54554644e+08 -1.67622948e+08  4.52e-01 1.69e+07  4.32e+08     0s
   1   6.06608017e+07 -1.56266959e+09  1.09e-01 1.02e+07  6.22e+07     0s
   2   5.46135239e+06 -5.37318778e+08  1.12e-02 2.92e+06  1.76e+07     0s
   3  -1.31657040e+06 -1.99668669e+07  0.00e+00 3.48e+04  5.64e+05     0s
   4  -1.35839821e+06 -1.41966767e+06  0.00e+00 7.08e+01  1.84e+03     0s
   5  -1.35930993e+06 -1.35938507e+06  0.00e+00 1.60e-02  2.22e+00     0s
   6  -1.35931084e+06 -1.35931100e+06  0.00e+00 1.95e-05  4.88e-03     0s
   7  -1.35931084e+06 -1.35931084e+06  0.00e+00 3.52e-07  1.57e-05     0s
   8  -1.35931084e+06 -1.35931084e+06  0.00e+00 1.41e-10  6.64e-08     0s
   9  -1.35931084e+06 -1.35931084e+06  0.00e+00 8.97e-08  3.48e-10     0s
  10  -1.35931084e+06 -1.35931084e+06  0.00e+00 8.97e-11  3.48e-13     0s

Barrier solved model in 10 iterations and 0.02 seconds
Optimal objective -1.35931084e+06

Parameter OutputFlag unchanged
   Value: 1  Min: 0  Max: 1  Default: 1
Optimize a model with 1948 rows, 1887 columns and 13914 nonzeros
Model has 1 quadratic constraint
Coefficient statistics:
  Matrix range     [2e-07, 1e+10]
  QMatrix range    [2e-12, 7e+22]
  QLMatrix range   [1e+00, 1e+00]
  Objective range  [1e+01, 1e+08]
  Bounds range     [0e+00, 0e+00]
  RHS range        [5e-02, 3e+03]
Warning: Model contains large matrix coefficient range
Warning: Quadratic constraint contains large coefficient range
         Consider reformulating model or setting NumericFocus parameter
         to avoid numerical issues.
Presolve removed 604 rows and 1438 columns
Presolve time: 0.02s
Presolved: 1344 rows, 449 columns, 4032 nonzeros
Ordering time: 0.00s

Barrier statistics:
 Dense cols : 1
 AA' NZ     : 1.400e+02
 Factor NZ  : 2.770e+02
 Factor Ops : 3.845e+03 (less than 1 second per iteration)
 Threads    : 1

                  Objective                Residual
Iter       Primal          Dual         Primal    Dual     Compl     Time
   0   1.21825327e+08 -8.12300808e+07  4.65e-01 4.98e+06  2.29e+08     0s
   1   3.06835371e+07 -8.07019159e+08  1.19e-01 3.17e+06  3.18e+07     0s
   2   1.81387149e+06 -2.04616310e+08  9.51e-03 6.21e+05  6.49e+06     0s
   3  -1.11930001e+06 -8.27827191e+06  0.00e+00 1.17e+04  2.16e+05     0s
   4  -1.12784028e+06 -1.13616572e+06  0.00e+00 1.62e+00  2.46e+02     0s
   5  -1.12794999e+06 -1.12800491e+06  0.00e+00 9.10e-03  1.62e+00     0s
   6  -1.12795060e+06 -1.12795102e+06  0.00e+00 6.02e-05  1.23e-02     0s
   7  -1.12795060e+06 -1.12795061e+06  0.00e+00 4.59e-07  1.06e-04     0s
   8  -1.12795060e+06 -1.12795060e+06  0.00e+00 9.07e-08  1.01e-06     0s
   9  -1.12795060e+06 -1.12795060e+06  0.00e+00 3.80e-11  1.07e-08     0s
  10  -1.12795060e+06 -1.12795060e+06  0.00e+00 4.04e-13  1.25e-10     0s
  11  -1.12795060e+06 -1.12795060e+06  0.00e+00 4.31e-13  2.36e-15     0s

Barrier solved model in 11 iterations and 0.02 seconds
Optimal objective -1.12795060e+06

Parameter OutputFlag unchanged
   Value: 1  Min: 0  Max: 1  Default: 1
Optimize a model with 1948 rows, 1887 columns and 13914 nonzeros
Model has 1 quadratic constraint
Coefficient statistics:
  Matrix range     [1e-07, 1e+10]
  QMatrix range    [2e-12, 7e+22]
  QLMatrix range   [1e+00, 1e+00]
  Objective range  [2e+01, 1e+08]
  Bounds range     [0e+00, 0e+00]
  RHS range        [5e-02, 3e+03]
Warning: Model contains large matrix coefficient range
Warning: Quadratic constraint contains large coefficient range
         Consider reformulating model or setting NumericFocus parameter
         to avoid numerical issues.
Presolve removed 604 rows and 1438 columns
Presolve time: 0.02s
Presolved: 1344 rows, 449 columns, 4032 nonzeros
Ordering time: 0.00s

Barrier statistics:
 Dense cols : 1
 AA' NZ     : 1.400e+02
 Factor NZ  : 2.770e+02
 Factor Ops : 3.845e+03 (less than 1 second per iteration)
 Threads    : 1

                  Objective                Residual
Iter       Primal          Dual         Primal    Dual     Compl     Time
   0   1.19634231e+08 -7.95612686e+07  4.65e-01 4.92e+06  2.25e+08     0s
   1   2.94767941e+07 -7.92869751e+08  1.16e-01 3.13e+06  3.11e+07     0s
   2   1.77141904e+06 -1.97208264e+08  9.27e-03 6.07e+05  6.25e+06     0s
   3  -1.01606968e+06 -7.22878193e+06  0.00e+00 1.01e+04  1.87e+05     0s
   4  -1.02315827e+06 -1.03048562e+06  0.00e+00 1.59e+00  2.16e+02     0s
   5  -1.02323723e+06 -1.02328224e+06  0.00e+00 8.22e-03  1.33e+00     0s
   6  -1.02323764e+06 -1.02323796e+06  0.00e+00 5.07e-05  9.48e-03     0s
   7  -1.02323764e+06 -1.02323764e+06  0.00e+00 3.63e-07  7.73e-05     0s
   8  -1.02323764e+06 -1.02323764e+06  0.00e+00 2.12e-08  7.07e-07     0s
   9  -1.02323764e+06 -1.02323764e+06  0.00e+00 5.24e-08  7.18e-09     0s
  10  -1.02323764e+06 -1.02323764e+06  0.00e+00 1.52e-08  8.01e-11     0s

Barrier solved model in 10 iterations and 0.02 seconds
Optimal objective -1.02323764e+06

Parameter OutputFlag unchanged
   Value: 1  Min: 0  Max: 1  Default: 1
Optimize a model with 1948 rows, 1887 columns and 13914 nonzeros
Model has 1 quadratic constraint
Coefficient statistics:
  Matrix range     [1e-07, 1e+10]
  QMatrix range    [2e-12, 7e+22]
  QLMatrix range   [1e+00, 1e+00]
  Objective range  [5e+00, 1e+08]
  Bounds range     [0e+00, 0e+00]
  RHS range        [5e-02, 3e+03]
Warning: Model contains large matrix coefficient range
Warning: Quadratic constraint contains large coefficient range
         Consider reformulating model or setting NumericFocus parameter
         to avoid numerical issues.
Presolve removed 604 rows and 1437 columns
Presolve time: 0.02s
Presolved: 1344 rows, 450 columns, 5376 nonzeros
Ordering time: 0.00s

Barrier statistics:
 Dense cols : 2
 AA' NZ     : 1.640e+02
 Factor NZ  : 3.030e+02
 Factor Ops : 4.425e+03 (less than 1 second per iteration)
 Threads    : 1

                  Objective                Residual
Iter       Primal          Dual         Primal    Dual     Compl     Time
   0   1.12182884e+08 -7.44590533e+07  5.67e-01 4.63e+06  2.07e+08     0s
   1   2.45904746e+07 -7.80618324e+08  9.89e-02 4.52e+06  2.92e+07     0s
   2   1.75835509e+06 -2.34144731e+08  9.22e-03 9.98e+05  7.17e+06     0s
   3  -9.42320934e+05 -8.05338642e+06  0.00e+00 1.20e+04  2.03e+05     0s
   4  -9.53417482e+05 -9.62323705e+05  0.00e+00 1.39e+00  2.48e+02     0s
   5  -9.54318116e+05 -9.54573750e+05  0.00e+00 2.74e-02  7.13e+00     0s
   6  -9.54323781e+05 -9.54324180e+05  0.00e+00 1.61e-05  1.11e-02     0s
   7  -9.54323786e+05 -9.54323787e+05  0.00e+00 2.55e-08  2.84e-05     0s
   8  -9.54323786e+05 -9.54323786e+05  0.00e+00 6.58e-11  1.01e-07     0s
   9  -9.54323786e+05 -9.54323786e+05  0.00e+00 2.98e-08  1.14e-12     0s

Barrier solved model in 9 iterations and 0.02 seconds
Optimal objective -9.54323786e+05

Parameter OutputFlag unchanged
   Value: 1  Min: 0  Max: 1  Default: 1
Optimize a model with 1948 rows, 1887 columns and 13914 nonzeros
Model has 1 quadratic constraint
Coefficient statistics:
  Matrix range     [8e-08, 1e+10]
  QMatrix range    [2e-12, 6e+22]
  QLMatrix range   [1e+00, 1e+00]
  Objective range  [6e+00, 1e+08]
  Bounds range     [0e+00, 0e+00]
  RHS range        [5e-02, 3e+03]
Warning: Model contains large matrix coefficient range
Warning: Quadratic constraint contains large coefficient range
         Consider reformulating model or setting NumericFocus parameter
         to avoid numerical issues.
Presolve removed 604 rows and 1437 columns
Presolve time: 0.02s
Presolved: 1344 rows, 450 columns, 5376 nonzeros
Ordering time: 0.00s

Barrier statistics:
 Dense cols : 2
 AA' NZ     : 1.640e+02
 Factor NZ  : 3.030e+02
 Factor Ops : 4.425e+03 (less than 1 second per iteration)
 Threads    : 1

                  Objective                Residual
Iter       Primal          Dual         Primal    Dual     Compl     Time
   0   1.10950207e+08 -7.31821237e+07  5.66e-01 4.60e+06  2.03e+08     0s
   1   2.37447382e+07 -7.67993665e+08  9.68e-02 4.46e+06  2.86e+07     0s
   2   1.75081687e+06 -2.27237395e+08  9.05e-03 9.74e+05  6.96e+06     0s
   3  -8.41508838e+05 -7.23918070e+06  0.00e+00 1.06e+04  1.82e+05     0s
   4  -8.51007291e+05 -8.59197405e+05  0.00e+00 1.37e+00  2.28e+02     0s
   5  -8.52016010e+05 -8.52283909e+05  0.00e+00 3.81e-02  7.47e+00     0s
   6  -8.52022773e+05 -8.52023249e+05  0.00e+00 2.93e-05  1.32e-02     0s
   7  -8.52022780e+05 -8.52022781e+05  0.00e+00 8.94e-08  3.66e-05     0s
   8  -8.52022780e+05 -8.52022780e+05  0.00e+00 2.98e-08  1.38e-07     0s
   9  -8.52022780e+05 -8.52022780e+05  0.00e+00 2.98e-08  1.27e-12     0s

Barrier solved model in 9 iterations and 0.02 seconds
Optimal objective -8.52022780e+05

Parameter OutputFlag unchanged
   Value: 1  Min: 0  Max: 1  Default: 1

Gurobi 8.1.1 (linux64, Python) logging started Wed 18 Sep 2019 11:18:12 PM EDT

Academic license - for non-commercial use only

Gurobi 8.1.1 (linux64, Python) logging started Wed 18 Sep 2019 11:19:44 PM EDT

Academic license - for non-commercial use only

Gurobi 8.1.1 (linux64, Python) logging started Thu 19 Sep 2019 10:21:04 AM EDT

Academic license - for non-commercial use only

Gurobi 8.1.1 (linux64, Python) logging started Thu 19 Sep 2019 10:21:53 AM EDT

Academic license - for non-commercial use only

Gurobi 8.1.1 (linux64, Python) logging started Thu 19 Sep 2019 10:22:44 AM EDT

Academic license - for non-commercial use only

Gurobi 8.1.1 (linux64, Python) logging started Thu 19 Sep 2019 10:23:25 AM EDT

Academic license - for non-commercial use only

Gurobi 8.1.1 (linux64, Python) logging started Thu 19 Sep 2019 10:24:06 AM EDT

Academic license - for non-commercial use only

Gurobi 8.1.1 (linux64, Python) logging started Thu 19 Sep 2019 10:24:42 AM EDT

Academic license - for non-commercial use only

Gurobi 8.1.1 (linux64, Python) logging started Thu 19 Sep 2019 10:25:06 AM EDT

Academic license - for non-commercial use only

Gurobi 8.1.1 (linux64, Python) logging started Thu 19 Sep 2019 10:25:50 AM EDT

Academic license - for non-commercial use only

Gurobi 8.1.1 (linux64, Python) logging started Thu 19 Sep 2019 10:27:06 AM EDT

Academic license - for non-commercial use only

Gurobi 8.1.1 (linux64, Python) logging started Thu 19 Sep 2019 10:27:55 AM EDT

Academic license - for non-commercial use only

Gurobi 8.1.1 (linux64, Python) logging started Thu 19 Sep 2019 10:33:52 AM EDT

Academic license - for non-commercial use only

Gurobi 8.1.1 (linux64, Python) logging started Thu 19 Sep 2019 10:37:42 AM EDT

Academic license - for non-commercial use only

Gurobi 8.1.1 (linux64, Python) logging started Mon 23 Sep 2019 03:37:52 PM EDT

Academic license - for non-commercial use only

Gurobi 8.1.1 (linux64, Python) logging started Wed 25 Sep 2019 01:59:14 PM EDT

Academic license - for non-commercial use only

Gurobi 8.1.1 (linux64, Python) logging started Wed 25 Sep 2019 02:18:20 PM EDT

Academic license - for non-commercial use only

Gurobi 8.1.1 (linux64, Python) logging started Wed 25 Sep 2019 02:19:07 PM EDT

Academic license - for non-commercial use only

Gurobi 8.1.1 (linux64, Python) logging started Wed 25 Sep 2019 02:20:14 PM EDT

Academic license - for non-commercial use only

Gurobi 8.1.1 (linux64, Python) logging started Wed 25 Sep 2019 02:21:37 PM EDT

Academic license - for non-commercial use only

Gurobi 8.1.1 (linux64, Python) logging started Wed 25 Sep 2019 02:25:02 PM EDT

Academic license - for non-commercial use only

Gurobi 8.1.1 (linux64, Python) logging started Wed 25 Sep 2019 02:43:23 PM EDT

Academic license - for non-commercial use only

Gurobi 8.1.1 (linux64, Python) logging started Wed 25 Sep 2019 02:44:32 PM EDT

Academic license - for non-commercial use only

Gurobi 8.1.1 (linux64, Python) logging started Wed 25 Sep 2019 02:45:02 PM EDT

Academic license - for non-commercial use only

Gurobi 8.1.1 (linux64, Python) logging started Wed 25 Sep 2019 02:45:57 PM EDT

Academic license - for non-commercial use only

Gurobi 8.1.1 (linux64, Python) logging started Wed 25 Sep 2019 02:47:13 PM EDT

Academic license - for non-commercial use only

Gurobi 8.1.1 (linux64, Python) logging started Wed 25 Sep 2019 02:47:52 PM EDT

Academic license - for non-commercial use only

Gurobi 8.1.1 (linux64, Python) logging started Wed 25 Sep 2019 02:50:02 PM EDT

Academic license - for non-commercial use only

Gurobi 8.1.1 (linux64, Python) logging started Wed 25 Sep 2019 02:50:50 PM EDT

Academic license - for non-commercial use only

Gurobi 8.1.1 (linux64, Python) logging started Wed 25 Sep 2019 02:51:23 PM EDT

Academic license - for non-commercial use only

Gurobi 8.1.1 (linux64, Python) logging started Wed 25 Sep 2019 02:52:10 PM EDT

Academic license - for non-commercial use only

Gurobi 8.1.1 (linux64, Python) logging started Wed 25 Sep 2019 02:52:30 PM EDT

Academic license - for non-commercial use only

Gurobi 8.1.1 (linux64, Python) logging started Wed 25 Sep 2019 02:54:09 PM EDT

Academic license - for non-commercial use only

Gurobi 8.1.1 (linux64, Python) logging started Wed 25 Sep 2019 02:54:22 PM EDT

Academic license - for non-commercial use only

Gurobi 8.1.1 (linux64, Python) logging started Wed 25 Sep 2019 02:54:46 PM EDT

Academic license - for non-commercial use only

Gurobi 8.1.1 (linux64, Python) logging started Wed 25 Sep 2019 02:55:44 PM EDT

Academic license - for non-commercial use only

Gurobi 8.1.1 (linux64, Python) logging started Wed 25 Sep 2019 02:56:11 PM EDT

Academic license - for non-commercial use only

Gurobi 8.1.1 (linux64, Python) logging started Wed 25 Sep 2019 02:56:35 PM EDT

Academic license - for non-commercial use only

Gurobi 8.1.1 (linux64, Python) logging started Wed 25 Sep 2019 02:57:02 PM EDT

Academic license - for non-commercial use only

Gurobi 8.1.1 (linux64, Python) logging started Wed 25 Sep 2019 02:57:18 PM EDT

Academic license - for non-commercial use only

Gurobi 8.1.1 (linux64, Python) logging started Wed 25 Sep 2019 02:57:33 PM EDT

Academic license - for non-commercial use only

Gurobi 8.1.1 (linux64, Python) logging started Wed 25 Sep 2019 02:58:05 PM EDT

Academic license - for non-commercial use only

Gurobi 8.1.1 (linux64, Python) logging started Wed 25 Sep 2019 02:58:21 PM EDT

Academic license - for non-commercial use only

Gurobi 8.1.1 (linux64, Python) logging started Wed 25 Sep 2019 02:59:28 PM EDT

Academic license - for non-commercial use only

Gurobi 8.1.1 (linux64, Python) logging started Wed 25 Sep 2019 02:59:51 PM EDT

Academic license - for non-commercial use only

Gurobi 8.1.1 (linux64, Python) logging started Wed 25 Sep 2019 03:00:13 PM EDT

Academic license - for non-commercial use only

Gurobi 8.1.1 (linux64, Python) logging started Wed 25 Sep 2019 03:01:23 PM EDT

Academic license - for non-commercial use only

Gurobi 8.1.1 (linux64, Python) logging started Wed 25 Sep 2019 03:02:40 PM EDT

Academic license - for non-commercial use only

Gurobi 8.1.1 (linux64, Python) logging started Wed 25 Sep 2019 03:04:23 PM EDT

Academic license - for non-commercial use only

Gurobi 8.1.1 (linux64, Python) logging started Wed 25 Sep 2019 03:05:44 PM EDT

Academic license - for non-commercial use only

Gurobi 8.1.1 (linux64, Python) logging started Wed 25 Sep 2019 03:07:31 PM EDT

Academic license - for non-commercial use only

Gurobi 8.1.1 (linux64, Python) logging started Wed 25 Sep 2019 04:00:36 PM EDT

Academic license - for non-commercial use only

Gurobi 8.1.1 (linux64, Python) logging started Wed 25 Sep 2019 04:10:09 PM EDT

Academic license - for non-commercial use only

Gurobi 8.1.1 (linux64, Python) logging started Wed 25 Sep 2019 04:11:57 PM EDT

Academic license - for non-commercial use only

Gurobi 8.1.1 (linux64, Python) logging started Wed 25 Sep 2019 04:14:11 PM EDT

Academic license - for non-commercial use only

Gurobi 8.1.1 (linux64, Python) logging started Wed 25 Sep 2019 04:16:29 PM EDT

Academic license - for non-commercial use only

Gurobi 8.1.1 (linux64, Python) logging started Wed 25 Sep 2019 04:18:19 PM EDT

Academic license - for non-commercial use only

Gurobi 8.1.1 (linux64, Python) logging started Wed 25 Sep 2019 04:21:23 PM EDT

Academic license - for non-commercial use only

Gurobi 8.1.1 (linux64, Python) logging started Wed 25 Sep 2019 04:21:36 PM EDT

Academic license - for non-commercial use only

Gurobi 8.1.1 (linux64, Python) logging started Wed 25 Sep 2019 04:21:57 PM EDT

Academic license - for non-commercial use only

Gurobi 8.1.1 (linux64, Python) logging started Wed 25 Sep 2019 04:25:50 PM EDT

Academic license - for non-commercial use only

Gurobi 8.1.1 (linux64, Python) logging started Wed 25 Sep 2019 04:28:23 PM EDT

Academic license - for non-commercial use only

Gurobi 8.1.1 (linux64, Python) logging started Wed 25 Sep 2019 04:29:19 PM EDT

Academic license - for non-commercial use only

Gurobi 8.1.1 (linux64, Python) logging started Wed 25 Sep 2019 04:30:11 PM EDT

Academic license - for non-commercial use only

Gurobi 8.1.1 (linux64, Python) logging started Wed 25 Sep 2019 04:31:46 PM EDT

Academic license - for non-commercial use only

Gurobi 8.1.1 (linux64, Python) logging started Wed 25 Sep 2019 04:32:49 PM EDT

Academic license - for non-commercial use only

Gurobi 8.1.1 (linux64, Python) logging started Wed 25 Sep 2019 04:34:14 PM EDT

Academic license - for non-commercial use only

Gurobi 8.1.1 (linux64, Python) logging started Wed 25 Sep 2019 04:35:04 PM EDT

Academic license - for non-commercial use only

Gurobi 8.1.1 (linux64, Python) logging started Wed 25 Sep 2019 04:36:33 PM EDT

Academic license - for non-commercial use only

Gurobi 8.1.1 (linux64, Python) logging started Wed 25 Sep 2019 04:37:52 PM EDT

Academic license - for non-commercial use only

Gurobi 8.1.1 (linux64, Python) logging started Wed 25 Sep 2019 04:39:10 PM EDT

Academic license - for non-commercial use only

Gurobi 8.1.1 (linux64, Python) logging started Wed 25 Sep 2019 04:40:58 PM EDT

Academic license - for non-commercial use only

Gurobi 8.1.1 (linux64, Python) logging started Wed 25 Sep 2019 04:44:31 PM EDT

Academic license - for non-commercial use only

Gurobi 8.1.1 (linux64, Python) logging started Wed 25 Sep 2019 04:47:35 PM EDT

Academic license - for non-commercial use only

Gurobi 8.1.1 (linux64, Python) logging started Wed 25 Sep 2019 04:48:59 PM EDT

Academic license - for non-commercial use only

Gurobi 8.1.1 (linux64, Python) logging started Wed 25 Sep 2019 04:52:36 PM EDT

Academic license - for non-commercial use only

Gurobi 8.1.1 (linux64, Python) logging started Wed 25 Sep 2019 04:58:43 PM EDT

Academic license - for non-commercial use only

Gurobi 8.1.1 (linux64, Python) logging started Wed 25 Sep 2019 05:19:34 PM EDT

Academic license - for non-commercial use only

Gurobi 8.1.1 (linux64, Python) logging started Wed 25 Sep 2019 07:20:10 PM EDT

Academic license - for non-commercial use only

Gurobi 8.1.1 (linux64, Python) logging started Wed 25 Sep 2019 07:24:04 PM EDT

Academic license - for non-commercial use only

Gurobi 8.1.1 (linux64, Python) logging started Wed 25 Sep 2019 07:25:27 PM EDT

Academic license - for non-commercial use only

Gurobi 8.1.1 (linux64, Python) logging started Wed 25 Sep 2019 07:26:28 PM EDT

Academic license - for non-commercial use only

Gurobi 8.1.1 (linux64, Python) logging started Wed 25 Sep 2019 07:27:43 PM EDT

Academic license - for non-commercial use only

Gurobi 8.1.1 (linux64, Python) logging started Wed 25 Sep 2019 07:34:12 PM EDT

Academic license - for non-commercial use only

Gurobi 8.1.1 (linux64, Python) logging started Wed 25 Sep 2019 07:35:03 PM EDT

Academic license - for non-commercial use only

Gurobi 8.1.1 (linux64, Python) logging started Wed 25 Sep 2019 07:35:59 PM EDT

Academic license - for non-commercial use only

Gurobi 8.1.1 (linux64, Python) logging started Wed 25 Sep 2019 07:38:09 PM EDT

Academic license - for non-commercial use only

Gurobi 8.1.1 (linux64, Python) logging started Wed 25 Sep 2019 07:38:50 PM EDT

Academic license - for non-commercial use only

Gurobi 8.1.1 (linux64, Python) logging started Wed 25 Sep 2019 07:39:10 PM EDT

Academic license - for non-commercial use only

Gurobi 8.1.1 (linux64, Python) logging started Wed 25 Sep 2019 07:39:39 PM EDT

Academic license - for non-commercial use only

Gurobi 8.1.1 (linux64, Python) logging started Wed 25 Sep 2019 07:54:09 PM EDT

Academic license - for non-commercial use only

Gurobi 8.1.1 (linux64, Python) logging started Wed 25 Sep 2019 09:49:15 PM EDT

Academic license - for non-commercial use only

Gurobi 8.1.1 (linux64, Python) logging started Thu 26 Sep 2019 12:25:59 AM EDT

Academic license - for non-commercial use only

Gurobi 8.1.1 (linux64, Python) logging started Thu 26 Sep 2019 09:37:03 AM EDT

Academic license - for non-commercial use only
Parameter OutputFlag unchanged
   Value: 1  Min: 0  Max: 1  Default: 1
Warning for adding constraints: zero or small (< 1e-13) coefficients, ignored

Gurobi 8.1.1 (linux64, Python) logging started Thu 26 Sep 2019 09:40:28 AM EDT

Academic license - for non-commercial use only
Parameter OutputFlag unchanged
   Value: 1  Min: 0  Max: 1  Default: 1

Gurobi 8.1.1 (linux64, Python) logging started Thu 26 Sep 2019 09:41:22 AM EDT

Academic license - for non-commercial use only
Parameter OutputFlag unchanged
   Value: 1  Min: 0  Max: 1  Default: 1

Gurobi 8.1.1 (linux64, Python) logging started Thu 26 Sep 2019 09:41:53 AM EDT

Academic license - for non-commercial use only
Parameter OutputFlag unchanged
   Value: 1  Min: 0  Max: 1  Default: 1

Gurobi 8.1.1 (linux64, Python) logging started Thu 26 Sep 2019 09:42:02 AM EDT

Academic license - for non-commercial use only
Parameter OutputFlag unchanged
   Value: 1  Min: 0  Max: 1  Default: 1

Gurobi 8.1.1 (linux64, Python) logging started Thu 26 Sep 2019 09:42:39 AM EDT

Academic license - for non-commercial use only
Parameter OutputFlag unchanged
   Value: 1  Min: 0  Max: 1  Default: 1

Gurobi 8.1.1 (linux64, Python) logging started Thu 26 Sep 2019 09:43:32 AM EDT

Academic license - for non-commercial use only
Parameter OutputFlag unchanged
   Value: 1  Min: 0  Max: 1  Default: 1

Gurobi 8.1.1 (linux64, Python) logging started Thu 26 Sep 2019 09:46:13 AM EDT

Academic license - for non-commercial use only
Parameter OutputFlag unchanged
   Value: 1  Min: 0  Max: 1  Default: 1

Gurobi 8.1.1 (linux64, Python) logging started Thu 26 Sep 2019 09:46:46 AM EDT

Academic license - for non-commercial use only
Parameter OutputFlag unchanged
   Value: 1  Min: 0  Max: 1  Default: 1

Gurobi 8.1.1 (linux64, Python) logging started Thu 26 Sep 2019 09:48:09 AM EDT

Academic license - for non-commercial use only
Parameter OutputFlag unchanged
   Value: 1  Min: 0  Max: 1  Default: 1

Gurobi 8.1.1 (linux64, Python) logging started Thu 26 Sep 2019 09:48:57 AM EDT

Academic license - for non-commercial use only
Parameter OutputFlag unchanged
   Value: 1  Min: 0  Max: 1  Default: 1
Warning for adding constraints: zero or small (< 1e-13) coefficients, ignored

Gurobi 8.1.1 (linux64, Python) logging started Thu 26 Sep 2019 10:03:13 AM EDT

Academic license - for non-commercial use only
Parameter OutputFlag unchanged
   Value: 1  Min: 0  Max: 1  Default: 1
Warning for adding constraints: zero or small (< 1e-13) coefficients, ignored

Gurobi 8.1.1 (linux64, Python) logging started Thu 26 Sep 2019 10:16:36 AM EDT

Academic license - for non-commercial use only
Parameter OutputFlag unchanged
   Value: 1  Min: 0  Max: 1  Default: 1
Warning for adding constraints: zero or small (< 1e-13) coefficients, ignored

Gurobi 8.1.1 (linux64, Python) logging started Thu 26 Sep 2019 11:12:20 AM EDT

Academic license - for non-commercial use only
Parameter OutputFlag unchanged
   Value: 1  Min: 0  Max: 1  Default: 1
Warning for adding constraints: zero or small (< 1e-13) coefficients, ignored

Gurobi 8.1.1 (linux64, Python) logging started Thu 26 Sep 2019 11:52:47 AM EDT

Academic license - for non-commercial use only
Parameter OutputFlag unchanged
   Value: 1  Min: 0  Max: 1  Default: 1
Warning for adding constraints: zero or small (< 1e-13) coefficients, ignored

Gurobi 8.1.1 (linux64, Python) logging started Thu 26 Sep 2019 11:55:43 AM EDT

Academic license - for non-commercial use only
Parameter OutputFlag unchanged
   Value: 1  Min: 0  Max: 1  Default: 1
Warning for adding constraints: zero or small (< 1e-13) coefficients, ignored
Optimize a model with 1948 rows, 1887 columns and 11534 nonzeros
Model has 1 quadratic constraint
Coefficient statistics:
  Matrix range     [2e-13, 1e+10]
  QMatrix range    [2e-12, 1e+14]
  QLMatrix range   [1e+00, 1e+00]
  Objective range  [3e+03, 4e+04]
  Bounds range     [0e+00, 0e+00]
  RHS range        [1e-02, 2e+02]
Warning: Model contains large matrix coefficient range
Warning: Quadratic constraint contains large coefficient range
         Consider reformulating model or setting NumericFocus parameter
         to avoid numerical issues.
Presolve removed 1276 rows and 1439 columns
Presolve time: 0.02s
Presolved: 672 rows, 1120 columns, 2016 nonzeros
Ordering time: 0.00s

Barrier statistics:
 AA' NZ     : 2.600e+01
 Factor NZ  : 7.800e+01
 Factor Ops : 6.500e+02 (less than 1 second per iteration)
 Threads    : 1

                  Objective                Residual
Iter       Primal          Dual         Primal    Dual     Compl     Time
   0  -1.34466165e+08 -1.34466166e+08  2.38e-01 0.00e+00  4.37e-02     0s
   1  -1.34466165e+08 -1.34466165e+08  1.93e-04 3.16e-04  4.49e-03     0s
   2  -1.34466165e+08 -1.34466165e+08  6.11e-16 1.00e-07  5.95e-06     0s
   3  -1.34466165e+08 -1.34466165e+08  2.16e-15 1.33e-10  1.39e-08     0s
   4  -1.34466165e+08 -1.34466165e+08  2.39e-15 3.09e-13  4.66e-11     0s

Barrier solved model in 4 iterations and 0.02 seconds
Optimal objective -1.34466165e+08

Parameter OutputFlag unchanged
   Value: 1  Min: 0  Max: 1  Default: 1
Optimize a model with 1948 rows, 1887 columns and 13354 nonzeros
Model has 1 quadratic constraint
Coefficient statistics:
  Matrix range     [2e-09, 1e+10]
  QMatrix range    [2e-12, 3e+18]
  QLMatrix range   [1e+00, 1e+00]
  Objective range  [3e+03, 7e+06]
  Bounds range     [0e+00, 0e+00]
  RHS range        [5e-03, 2e+02]
Warning: Model contains large matrix coefficient range
Warning: Quadratic constraint contains large coefficient range
         Consider reformulating model or setting NumericFocus parameter
         to avoid numerical issues.
Presolve removed 604 rows and 1438 columns
Presolve time: 0.02s
Presolved: 1344 rows, 449 columns, 3920 nonzeros
Ordering time: 0.00s

Barrier statistics:
 Dense cols : 1
 AA' NZ     : 1.380e+02
 Factor NZ  : 2.610e+02
 Factor Ops : 3.285e+03 (less than 1 second per iteration)
 Threads    : 1

                  Objective                Residual
Iter       Primal          Dual         Primal    Dual     Compl     Time
   0   1.32614650e+07 -8.41937202e+07  4.91e-01 3.28e+06  7.40e+07     0s
   1   1.39926332e+07 -2.14308495e+08  4.97e-01 4.67e+05  1.27e+07     0s
   2  -4.17720052e+07 -9.83291881e+07  1.32e-02 1.94e+04  1.73e+06     0s
   3  -4.33393290e+07 -5.10397659e+07  0.00e+00 2.83e+03  2.31e+05     0s
   4  -4.33637879e+07 -4.33973306e+07  0.00e+00 4.34e+00  9.91e+02     0s
   5  -4.33653998e+07 -4.33654885e+07  0.00e+00 2.77e-03  2.61e+00     0s
   6  -4.33654322e+07 -4.33654327e+07  0.00e+00 1.47e-05  1.55e-02     0s
   7  -4.33654323e+07 -4.33654323e+07  0.00e+00 8.77e-08  1.03e-04     0s
   8  -4.33654323e+07 -4.33654323e+07  0.00e+00 5.80e-10  7.52e-07     0s
   9  -4.33654323e+07 -4.33654323e+07  0.00e+00 2.70e-10  6.05e-09     0s
  10  -4.33654323e+07 -4.33654323e+07  0.00e+00 1.03e-08  5.32e-11     0s

Barrier solved model in 10 iterations and 0.02 seconds
Optimal objective -4.33654323e+07

Parameter OutputFlag unchanged
   Value: 1  Min: 0  Max: 1  Default: 1
Optimize a model with 1948 rows, 1887 columns and 13354 nonzeros
Model has 1 quadratic constraint
Coefficient statistics:
  Matrix range     [1e-08, 1e+10]
  QMatrix range    [2e-12, 2e+19]
  QLMatrix range   [1e+00, 1e+00]
  Objective range  [1e+03, 7e+06]
  Bounds range     [0e+00, 0e+00]
  RHS range        [2e-03, 3e+02]
Warning: Model contains large matrix coefficient range
Warning: Quadratic constraint contains large coefficient range
         Consider reformulating model or setting NumericFocus parameter
         to avoid numerical issues.
Presolve removed 603 rows and 1436 columns
Presolve time: 0.02s
Presolved: 1345 rows, 451 columns, 6387 nonzeros
Ordering time: 0.00s

Barrier statistics:
 Dense cols : 3
 AA' NZ     : 1.850e+02
 Factor NZ  : 3.180e+02
 Factor Ops : 4.450e+03 (less than 1 second per iteration)
 Threads    : 1

                  Objective                Residual
Iter       Primal          Dual         Primal    Dual     Compl     Time
   0  -4.40152646e+07 -1.88485385e+07  4.57e-01 1.14e+06  3.35e+07     0s
   1  -2.20964038e+07 -1.45713516e+08  1.12e-01 7.19e+05  4.83e+06     0s
   2  -2.08604486e+07 -3.07313267e+07  5.61e-04 6.37e+03  2.64e+05     0s
   3  -2.08731885e+07 -2.37480677e+07  6.83e-05 1.83e+03  7.48e+04     0s
   4  -2.09104303e+07 -2.11828547e+07  0.00e+00 2.05e+02  7.09e+03     0s
   5  -2.09254217e+07 -2.09395090e+07  0.00e+00 9.43e+00  3.66e+02     0s
   6  -2.09255599e+07 -2.09258573e+07  0.00e+00 1.81e-01  7.72e+00     0s
   7  -2.09255724e+07 -2.09255771e+07  0.00e+00 2.71e-03  1.22e-01     0s
   8  -2.09255724e+07 -2.09255724e+07  0.00e+00 3.05e-09  1.37e-07     0s
   9  -2.09255724e+07 -2.09255724e+07  1.08e-19 7.34e-09  1.49e-13     0s

Barrier solved model in 9 iterations and 0.02 seconds
Optimal objective -2.09255724e+07

Parameter OutputFlag unchanged
   Value: 1  Min: 0  Max: 1  Default: 1
Optimize a model with 1948 rows, 1887 columns and 13354 nonzeros
Model has 1 quadratic constraint
Coefficient statistics:
  Matrix range     [3e-08, 1e+10]
  QMatrix range    [2e-12, 5e+19]
  QLMatrix range   [1e+00, 1e+00]
  Objective range  [1e+02, 4e+06]
  Bounds range     [0e+00, 0e+00]
  RHS range        [2e-04, 3e+02]
Warning: Model contains large matrix coefficient range
Warning: Quadratic constraint contains large coefficient range
         Consider reformulating model or setting NumericFocus parameter
         to avoid numerical issues.
Presolve removed 604 rows and 1437 columns
Presolve time: 0.02s
Presolved: 1344 rows, 450 columns, 5152 nonzeros
Ordering time: 0.00s

Barrier statistics:
 Dense cols : 2
 AA' NZ     : 1.600e+02
 Factor NZ  : 2.870e+02
 Factor Ops : 3.833e+03 (less than 1 second per iteration)
 Threads    : 1

                  Objective                Residual
Iter       Primal          Dual         Primal    Dual     Compl     Time
   0   2.06038654e+07 -2.85752836e+07  3.36e-01 3.00e+06  2.45e+07     0s
   1  -6.83957507e+06 -1.07137417e+08  5.07e-02 1.92e+05  3.18e+06     0s
   2  -1.11953632e+07 -4.51863363e+07  5.95e-03 4.70e+04  9.83e+05     0s
   3  -1.16853802e+07 -1.22220736e+07  0.00e+00 3.88e+02  1.51e+04     0s
   4  -1.16895308e+07 -1.17047111e+07  0.00e+00 1.12e+01  4.27e+02     0s
   5  -1.16896087e+07 -1.16896272e+07  0.00e+00 2.40e-03  5.15e-01     0s
   6  -1.16896088e+07 -1.16896088e+07  0.00e+00 3.47e-06  1.26e-03     0s
   7  -1.16896088e+07 -1.16896088e+07  0.00e+00 2.24e-08  4.29e-06     0s
   8  -1.16896088e+07 -1.16896088e+07  0.00e+00 2.87e-11  1.89e-08     0s
   9  -1.16896088e+07 -1.16896088e+07  0.00e+00 7.45e-09  3.90e-13     0s

Barrier solved model in 9 iterations and 0.02 seconds
Optimal objective -1.16896088e+07

Parameter OutputFlag unchanged
   Value: 1  Min: 0  Max: 1  Default: 1
Optimize a model with 1948 rows, 1887 columns and 13354 nonzeros
Model has 1 quadratic constraint
Coefficient statistics:
  Matrix range     [6e-08, 1e+10]
  QMatrix range    [2e-12, 1e+20]
  QLMatrix range   [1e+00, 1e+00]
  Objective range  [5e+02, 2e+07]
  Bounds range     [0e+00, 0e+00]
  RHS range        [3e-03, 3e+02]
Warning: Model contains large matrix coefficient range
Warning: Quadratic constraint contains large coefficient range
         Consider reformulating model or setting NumericFocus parameter
         to avoid numerical issues.
Presolve removed 604 rows and 1436 columns
Presolve time: 0.02s
Presolved: 1344 rows, 451 columns, 6384 nonzeros
Ordering time: 0.00s

Barrier statistics:
 Dense cols : 3
 AA' NZ     : 1.820e+02
 Factor NZ  : 3.140e+02
 Factor Ops : 4.434e+03 (less than 1 second per iteration)
 Threads    : 1

                  Objective                Residual
Iter       Primal          Dual         Primal    Dual     Compl     Time
   0   3.00303938e+08 -9.57301987e+07  4.07e-01 1.93e+07  1.58e+08     0s
   1   5.62398278e+07 -5.68740186e+08  8.02e-02 4.38e+06  2.11e+07     0s
   2   6.92082610e+05 -1.26812838e+08  1.13e-02 5.31e+05  3.63e+06     0s
   3  -7.00536383e+06 -1.29950791e+07  2.54e-05 1.10e+04  1.62e+05     0s
   4  -7.04813478e+06 -7.06433864e+06  0.00e+00 7.46e+00  4.29e+02     0s
   5  -7.05364628e+06 -7.05374315e+06  0.00e+00 4.56e-02  2.57e+00     0s
   6  -7.05365375e+06 -7.05365388e+06  0.00e+00 1.70e-05  3.43e-03     0s
   7  -7.05365376e+06 -7.05365376e+06  0.00e+00 1.22e-10  2.46e-08     0s
   8  -7.05365376e+06 -7.05365376e+06  0.00e+00 1.53e-13  5.38e-11     0s

Barrier solved model in 8 iterations and 0.02 seconds
Optimal objective -7.05365376e+06

Parameter OutputFlag unchanged
   Value: 1  Min: 0  Max: 1  Default: 1
Optimize a model with 1948 rows, 1887 columns and 13354 nonzeros
Model has 1 quadratic constraint
Coefficient statistics:
  Matrix range     [1e-07, 1e+10]
  QMatrix range    [2e-12, 2e+20]
  QLMatrix range   [1e+00, 1e+00]
  Objective range  [5e+02, 3e+07]
  Bounds range     [0e+00, 0e+00]
  RHS range        [5e-03, 4e+02]
Warning: Model contains large matrix coefficient range
Warning: Quadratic constraint contains large coefficient range
         Consider reformulating model or setting NumericFocus parameter
         to avoid numerical issues.
Presolve removed 604 rows and 1435 columns
Presolve time: 0.02s
Presolved: 1344 rows, 452 columns, 7560 nonzeros
Ordering time: 0.00s

Barrier statistics:
 Dense cols : 4
 AA' NZ     : 2.030e+02
 Factor NZ  : 3.420e+02
 Factor Ops : 5.090e+03 (less than 1 second per iteration)
 Threads    : 1

                  Objective                Residual
Iter       Primal          Dual         Primal    Dual     Compl     Time
   0   9.01396040e+08 -1.50442478e+08  4.64e-01 4.76e+07  6.24e+08     0s
   1   2.42713357e+08 -2.12448813e+09  1.28e-01 1.91e+07  9.00e+07     0s
   2   3.46581936e+06 -1.87801905e+08  6.08e-03 2.96e+05  5.27e+06     0s
   3  -4.49317929e+06 -5.17257645e+06  0.00e+00 1.11e+02  1.70e+04     0s
   4  -4.50946674e+06 -4.55021507e+06  0.00e+00 1.14e+01  1.03e+03     0s
   5  -4.51302388e+06 -4.51320851e+06  0.00e+00 2.40e-02  4.64e+00     0s
   6  -4.51304267e+06 -4.51304304e+06  0.00e+00 2.60e-05  9.17e-03     0s
   7  -4.51304269e+06 -4.51304269e+06  0.00e+00 2.38e-07  1.82e-08     0s
   8  -4.51304269e+06 -4.51304269e+06  0.00e+00 2.98e-08  3.59e-14     0s

Barrier solved model in 8 iterations and 0.02 seconds
Optimal objective -4.51304269e+06

Parameter OutputFlag unchanged
   Value: 1  Min: 0  Max: 1  Default: 1
Optimize a model with 1948 rows, 1887 columns and 13354 nonzeros
Model has 1 quadratic constraint
Coefficient statistics:
  Matrix range     [1e-07, 1e+10]
  QMatrix range    [2e-12, 3e+20]
  QLMatrix range   [1e+00, 1e+00]
  Objective range  [4e+02, 4e+07]
  Bounds range     [0e+00, 0e+00]
  RHS range        [7e-03, 4e+02]
Warning: Model contains large matrix coefficient range
Warning: Quadratic constraint contains large coefficient range
         Consider reformulating model or setting NumericFocus parameter
         to avoid numerical issues.
Presolve removed 604 rows and 1435 columns
Presolve time: 0.02s
Presolved: 1344 rows, 452 columns, 7616 nonzeros
Ordering time: 0.00s

Barrier statistics:
 Dense cols : 4
 AA' NZ     : 2.040e+02
 Factor NZ  : 3.420e+02
 Factor Ops : 5.090e+03 (less than 1 second per iteration)
 Threads    : 1

                  Objective                Residual
Iter       Primal          Dual         Primal    Dual     Compl     Time
   0   4.82687486e+08 -1.00293622e+08  4.91e-01 2.23e+07  1.92e+08     0s
   1   8.89463768e+07 -6.72187029e+08  8.86e-02 5.37e+06  2.54e+07     0s
   2   1.14212240e+06 -4.50142147e+07  8.24e-03 7.01e+04  1.26e+06     0s
   3  -3.04806880e+06 -3.78818519e+06  2.06e-04 5.07e+02  2.06e+04     0s
   4  -3.13465114e+06 -3.14904808e+06  0.00e+00 1.14e+00  3.62e+02     0s
   5  -3.13736679e+06 -3.13966434e+06  0.00e+00 2.92e-01  5.78e+01     0s
   6  -3.13809648e+06 -3.13817518e+06  0.00e+00 1.24e-02  1.98e+00     0s
   7  -3.13810020e+06 -3.13810020e+06  0.00e+00 8.94e-08  8.38e-06     0s
   8  -3.13810020e+06 -3.13810020e+06  0.00e+00 1.07e-13  1.69e-11     0s

Barrier solved model in 8 iterations and 0.02 seconds
Optimal objective -3.13810020e+06

Parameter OutputFlag unchanged
   Value: 1  Min: 0  Max: 1  Default: 1
Optimize a model with 1948 rows, 1887 columns and 13634 nonzeros
Model has 1 quadratic constraint
Coefficient statistics:
  Matrix range     [1e-08, 1e+10]
  QMatrix range    [2e-12, 4e+20]
  QLMatrix range   [1e+00, 1e+00]
  Objective range  [5e+02, 3e+07]
  Bounds range     [0e+00, 0e+00]
  RHS range        [9e-03, 4e+02]
Warning: Model contains large matrix coefficient range
Warning: Quadratic constraint contains large coefficient range
         Consider reformulating model or setting NumericFocus parameter
         to avoid numerical issues.
Presolve removed 604 rows and 1435 columns
Presolve time: 0.02s
Presolved: 1344 rows, 452 columns, 7784 nonzeros
Ordering time: 0.00s

Barrier statistics:
 Dense cols : 4
 AA' NZ     : 2.070e+02
 Factor NZ  : 3.420e+02
 Factor Ops : 5.090e+03 (less than 1 second per iteration)
 Threads    : 1

                  Objective                Residual
Iter       Primal          Dual         Primal    Dual     Compl     Time
   0   4.53951100e+08 -6.84357107e+07  5.07e-01 1.63e+07  1.42e+08     0s
   1   8.31844081e+07 -4.93586597e+08  9.72e-02 4.67e+06  1.95e+07     0s
   2   1.75751838e+06 -3.66533810e+07  9.32e-03 6.64e+04  1.05e+06     0s
   3  -2.59596208e+06 -2.71747622e+06  0.00e+00 2.33e+01  3.05e+03     0s
   4  -2.61448815e+06 -2.62159090e+06  0.00e+00 1.64e+00  1.79e+02     0s
   5  -2.61707632e+06 -2.61711901e+06  0.00e+00 1.37e-02  1.08e+00     0s
   6  -2.61707912e+06 -2.61707921e+06  0.00e+00 1.65e-05  2.29e-03     0s
   7  -2.61707912e+06 -2.61707912e+06  0.00e+00 8.94e-08  4.91e-09     0s
   8  -2.61707912e+06 -2.61707912e+06  0.00e+00 5.96e-08  1.05e-14     0s

Barrier solved model in 8 iterations and 0.02 seconds
Optimal objective -2.61707912e+06

Parameter OutputFlag unchanged
   Value: 1  Min: 0  Max: 1  Default: 1
Optimize a model with 1948 rows, 1887 columns and 13634 nonzeros
Model has 1 quadratic constraint
Coefficient statistics:
  Matrix range     [2e-08, 1e+10]
  QMatrix range    [2e-12, 5e+20]
  QLMatrix range   [1e+00, 1e+00]
  Objective range  [2e+02, 3e+07]
  Bounds range     [0e+00, 0e+00]
  RHS range        [8e-03, 4e+02]
Warning: Model contains large matrix coefficient range
Warning: Quadratic constraint contains large coefficient range
         Consider reformulating model or setting NumericFocus parameter
         to avoid numerical issues.
Presolve removed 604 rows and 1435 columns
Presolve time: 0.02s
Presolved: 1344 rows, 452 columns, 7784 nonzeros
Ordering time: 0.00s

Barrier statistics:
 Dense cols : 4
 AA' NZ     : 2.070e+02
 Factor NZ  : 3.420e+02
 Factor Ops : 5.090e+03 (less than 1 second per iteration)
 Threads    : 1

                  Objective                Residual
Iter       Primal          Dual         Primal    Dual     Compl     Time
   0   3.68934605e+08 -6.13040047e+07  5.27e-01 1.42e+07  1.72e+08     0s
   1   8.79987231e+07 -5.71651642e+08  1.25e-01 6.73e+06  2.46e+07     0s
   2   4.45197126e+05 -4.89504104e+07  8.04e-03 7.29e+04  1.37e+06     0s
   3  -1.85006974e+06 -2.14106101e+06  1.44e-04 4.55e+01  1.04e+04     0s
   4  -1.89893529e+06 -1.93381611e+06  0.00e+00 1.75e+00  9.83e+02     0s
   5  -1.90467708e+06 -1.90800528e+06  0.00e+00 7.90e-02  8.37e+01     0s
   6  -1.90635065e+06 -1.90637297e+06  0.00e+00 1.57e-04  5.59e-01     0s
   7  -1.90636035e+06 -1.90636042e+06  0.00e+00 4.25e-07  1.81e-03     0s
   8  -1.90636038e+06 -1.90636038e+06  0.00e+00 4.47e-08  7.05e-06     0s
   9  -1.90636038e+06 -1.90636038e+06  0.00e+00 1.49e-08  2.88e-11     0s

Barrier solved model in 9 iterations and 0.02 seconds
Optimal objective -1.90636038e+06

Parameter OutputFlag unchanged
   Value: 1  Min: 0  Max: 1  Default: 1
Optimize a model with 1948 rows, 1887 columns and 13634 nonzeros
Model has 1 quadratic constraint
Coefficient statistics:
  Matrix range     [2e-08, 1e+10]
  QMatrix range    [2e-12, 7e+20]
  QLMatrix range   [1e+00, 1e+00]
  Objective range  [7e+01, 3e+07]
  Bounds range     [0e+00, 0e+00]
  RHS range        [7e-03, 4e+02]
Warning: Model contains large matrix coefficient range
Warning: Quadratic constraint contains large coefficient range
         Consider reformulating model or setting NumericFocus parameter
         to avoid numerical issues.
Presolve removed 604 rows and 1435 columns
Presolve time: 0.02s
Presolved: 1344 rows, 452 columns, 7784 nonzeros
Ordering time: 0.00s

Barrier statistics:
 Dense cols : 4
 AA' NZ     : 2.070e+02
 Factor NZ  : 3.420e+02
 Factor Ops : 5.090e+03 (less than 1 second per iteration)
 Threads    : 1

                  Objective                Residual
Iter       Primal          Dual         Primal    Dual     Compl     Time
   0   2.67892717e+08 -6.25654024e+07  4.37e-01 1.31e+07  1.08e+08     0s
   1   2.48709659e+07 -4.36590215e+08  4.65e-02 2.66e+06  1.38e+07     0s
   2  -1.87722667e+06 -1.00505201e+07  3.01e-03 1.00e+04  2.28e+05     0s
   3  -2.56722479e+06 -2.61772999e+06  0.00e+00 1.53e+01  1.28e+03     0s
   4  -2.57017777e+06 -2.57416300e+06  0.00e+00 9.00e-01  1.00e+02     0s
   5  -2.57064333e+06 -2.57065099e+06  0.00e+00 4.00e-04  1.92e-01     0s
   6  -2.57064530e+06 -2.57064532e+06  0.00e+00 5.26e-07  3.96e-04     0s
   7  -2.57064530e+06 -2.57064530e+06  0.00e+00 5.96e-08  2.74e-09     0s
   8  -2.57064530e+06 -2.57064530e+06  0.00e+00 2.98e-08  1.90e-14     0s

Barrier solved model in 8 iterations and 0.02 seconds
Optimal objective -2.57064530e+06

Parameter OutputFlag unchanged
   Value: 1  Min: 0  Max: 1  Default: 1

Gurobi 8.1.1 (linux64, Python) logging started Thu 26 Sep 2019 12:05:55 PM EDT

Academic license - for non-commercial use only

Gurobi 8.1.1 (linux64, Python) logging started Thu 26 Sep 2019 01:52:58 PM EDT

Academic license - for non-commercial use only

Gurobi 8.1.1 (linux64, Python) logging started Thu 26 Sep 2019 05:42:02 PM EDT

Academic license - for non-commercial use only

Gurobi 8.1.1 (linux64, Python) logging started Thu 26 Sep 2019 05:45:12 PM EDT

Academic license - for non-commercial use only

Gurobi 8.1.1 (linux64, Python) logging started Thu 26 Sep 2019 05:49:38 PM EDT

Academic license - for non-commercial use only

Gurobi 8.1.1 (linux64, Python) logging started Thu 26 Sep 2019 05:54:44 PM EDT

Academic license - for non-commercial use only

Gurobi 8.1.1 (linux64, Python) logging started Fri 27 Sep 2019 02:50:06 PM EDT

Academic license - for non-commercial use only

Gurobi 8.1.1 (linux64, Python) logging started Fri 27 Sep 2019 02:50:47 PM EDT

Academic license - for non-commercial use only

Gurobi 8.1.1 (linux64, Python) logging started Tue 01 Oct 2019 07:46:48 AM EDT

Academic license - for non-commercial use only

Gurobi 8.1.1 (linux64, Python) logging started Thu 03 Oct 2019 09:43:55 AM EDT

Academic license - for non-commercial use only

Gurobi 8.1.1 (linux64, Python) logging started Thu 03 Oct 2019 09:46:13 AM EDT

Academic license - for non-commercial use only

Gurobi 8.1.1 (linux64, Python) logging started Thu 03 Oct 2019 09:59:34 AM EDT

Academic license - for non-commercial use only

Gurobi 8.1.1 (linux64, Python) logging started Thu 03 Oct 2019 10:02:40 AM EDT

Academic license - for non-commercial use only

Gurobi 8.1.1 (linux64, Python) logging started Thu Oct  3 11:12:06 2019

Academic license - for non-commercial use only

Gurobi 8.1.1 (linux64, Python) logging started Thu 03 Oct 2019 11:42:59 AM EDT

Academic license - for non-commercial use only

Gurobi 8.1.1 (linux64, Python) logging started Thu 03 Oct 2019 12:01:35 PM EDT

Academic license - for non-commercial use only

Gurobi 8.1.1 (linux64, Python) logging started Fri 04 Oct 2019 09:59:26 AM EDT

Academic license - for non-commercial use only

Gurobi 8.1.1 (linux64, Python) logging started Fri 04 Oct 2019 10:01:28 AM EDT

Academic license - for non-commercial use only

Gurobi 8.1.1 (linux64, Python) logging started Fri 04 Oct 2019 10:02:20 AM EDT

Academic license - for non-commercial use only

Gurobi 8.1.1 (linux64, Python) logging started Fri 04 Oct 2019 10:16:54 AM EDT

Academic license - for non-commercial use only

Gurobi 8.1.1 (linux64, Python) logging started Fri 04 Oct 2019 10:28:08 AM EDT

Academic license - for non-commercial use only

Gurobi 8.1.1 (linux64, Python) logging started Fri 04 Oct 2019 10:35:18 AM EDT

Academic license - for non-commercial use only

Gurobi 8.1.1 (linux64, Python) logging started Fri 04 Oct 2019 10:35:45 AM EDT

Academic license - for non-commercial use only

Gurobi 8.1.1 (linux64, Python) logging started Fri 04 Oct 2019 10:36:21 AM EDT

Academic license - for non-commercial use only

Gurobi 8.1.1 (linux64, Python) logging started Fri 04 Oct 2019 10:41:13 AM EDT

Academic license - for non-commercial use only

Gurobi 8.1.1 (linux64, Python) logging started Fri 04 Oct 2019 10:42:39 AM EDT

Academic license - for non-commercial use only

Gurobi 8.1.1 (linux64, Python) logging started Fri 04 Oct 2019 10:44:50 AM EDT

Academic license - for non-commercial use only

Gurobi 8.1.1 (linux64, Python) logging started Fri 04 Oct 2019 10:45:35 AM EDT

Academic license - for non-commercial use only

Gurobi 8.1.1 (linux64, Python) logging started Fri 04 Oct 2019 10:46:10 AM EDT

Academic license - for non-commercial use only

Gurobi 8.1.1 (linux64, Python) logging started Fri 04 Oct 2019 10:47:48 AM EDT

Academic license - for non-commercial use only

Gurobi 8.1.1 (linux64, Python) logging started Fri 04 Oct 2019 10:50:56 AM EDT

Academic license - for non-commercial use only

Gurobi 8.1.1 (linux64, Python) logging started Fri 04 Oct 2019 10:56:44 AM EDT

Academic license - for non-commercial use only

Gurobi 8.1.1 (linux64, Python) logging started Fri 04 Oct 2019 10:57:41 AM EDT

Academic license - for non-commercial use only

Gurobi 8.1.1 (linux64, Python) logging started Fri 04 Oct 2019 10:58:16 AM EDT

Academic license - for non-commercial use only

Gurobi 8.1.1 (linux64, Python) logging started Fri 04 Oct 2019 10:59:25 AM EDT

Academic license - for non-commercial use only

Gurobi 8.1.1 (linux64, Python) logging started Fri 04 Oct 2019 11:01:28 AM EDT

Academic license - for non-commercial use only

Gurobi 8.1.1 (linux64, Python) logging started Fri 04 Oct 2019 11:02:12 AM EDT

Academic license - for non-commercial use only

Gurobi 8.1.1 (linux64, Python) logging started Fri 04 Oct 2019 11:03:51 AM EDT

Academic license - for non-commercial use only

Gurobi 8.1.1 (linux64, Python) logging started Fri 04 Oct 2019 11:05:16 AM EDT

Academic license - for non-commercial use only

Gurobi 8.1.1 (linux64, Python) logging started Fri 04 Oct 2019 11:28:52 AM EDT

Academic license - for non-commercial use only

Gurobi 8.1.1 (linux64, Python) logging started Fri 04 Oct 2019 11:30:21 AM EDT

Academic license - for non-commercial use only

Gurobi 8.1.1 (linux64, Python) logging started Fri 04 Oct 2019 11:31:14 AM EDT

Academic license - for non-commercial use only

Gurobi 8.1.1 (linux64, Python) logging started Fri 04 Oct 2019 11:32:51 AM EDT

Academic license - for non-commercial use only

Gurobi 8.1.1 (linux64, Python) logging started Fri 04 Oct 2019 11:33:09 AM EDT

Academic license - for non-commercial use only

Gurobi 8.1.1 (linux64, Python) logging started Fri 04 Oct 2019 11:34:46 AM EDT

Academic license - for non-commercial use only

Gurobi 8.1.1 (linux64, Python) logging started Fri 04 Oct 2019 11:37:11 AM EDT

Academic license - for non-commercial use only

Gurobi 8.1.1 (linux64, Python) logging started Fri 04 Oct 2019 11:37:27 AM EDT

Academic license - for non-commercial use only

Gurobi 8.1.1 (linux64, Python) logging started Fri 04 Oct 2019 11:38:50 AM EDT

Academic license - for non-commercial use only

Gurobi 8.1.1 (linux64, Python) logging started Fri 04 Oct 2019 11:39:39 AM EDT

Academic license - for non-commercial use only

Gurobi 8.1.1 (linux64, Python) logging started Fri 04 Oct 2019 11:41:04 AM EDT

Academic license - for non-commercial use only

Gurobi 8.1.1 (linux64, Python) logging started Fri 04 Oct 2019 11:41:52 AM EDT

Academic license - for non-commercial use only

Gurobi 8.1.1 (linux64, Python) logging started Fri 04 Oct 2019 11:42:45 AM EDT

Academic license - for non-commercial use only

Gurobi 8.1.1 (linux64, Python) logging started Fri 04 Oct 2019 11:43:22 AM EDT

Academic license - for non-commercial use only

Gurobi 8.1.1 (linux64, Python) logging started Fri 04 Oct 2019 11:44:16 AM EDT

Academic license - for non-commercial use only

Gurobi 8.1.1 (linux64, Python) logging started Fri 04 Oct 2019 11:45:33 AM EDT

Academic license - for non-commercial use only

Gurobi 8.1.1 (linux64, Python) logging started Fri 04 Oct 2019 11:46:46 AM EDT

Academic license - for non-commercial use only

Gurobi 8.1.1 (linux64, Python) logging started Fri 04 Oct 2019 11:47:52 AM EDT

Academic license - for non-commercial use only

Gurobi 8.1.1 (linux64, Python) logging started Fri 04 Oct 2019 11:48:52 AM EDT

Academic license - for non-commercial use only

Gurobi 8.1.1 (linux64, Python) logging started Fri 04 Oct 2019 11:49:59 AM EDT

Academic license - for non-commercial use only

Gurobi 8.1.1 (linux64, Python) logging started Fri 04 Oct 2019 11:50:55 AM EDT

Academic license - for non-commercial use only

Gurobi 8.1.1 (linux64, Python) logging started Fri 04 Oct 2019 11:52:14 AM EDT

Academic license - for non-commercial use only

Gurobi 8.1.1 (linux64, Python) logging started Fri 04 Oct 2019 11:53:30 AM EDT

Academic license - for non-commercial use only

Gurobi 8.1.1 (linux64, Python) logging started Fri 04 Oct 2019 11:54:12 AM EDT

Academic license - for non-commercial use only

Gurobi 8.1.1 (linux64, Python) logging started Fri 04 Oct 2019 11:56:02 AM EDT

Academic license - for non-commercial use only

Gurobi 8.1.1 (linux64, Python) logging started Fri 04 Oct 2019 11:57:32 AM EDT

Academic license - for non-commercial use only

Gurobi 8.1.1 (linux64, Python) logging started Fri 04 Oct 2019 11:58:03 AM EDT

Academic license - for non-commercial use only

Gurobi 8.1.1 (linux64, Python) logging started Fri 04 Oct 2019 11:59:22 AM EDT

Academic license - for non-commercial use only

Gurobi 8.1.1 (linux64, Python) logging started Fri 04 Oct 2019 12:00:05 PM EDT

Academic license - for non-commercial use only

Gurobi 8.1.1 (linux64, Python) logging started Fri 04 Oct 2019 12:00:49 PM EDT

Academic license - for non-commercial use only

Gurobi 8.1.1 (linux64, Python) logging started Fri 04 Oct 2019 12:02:25 PM EDT

Academic license - for non-commercial use only

Gurobi 8.1.1 (linux64, Python) logging started Fri 04 Oct 2019 12:03:56 PM EDT

Academic license - for non-commercial use only

Gurobi 8.1.1 (linux64, Python) logging started Fri 04 Oct 2019 12:04:43 PM EDT

Academic license - for non-commercial use only

Gurobi 8.1.1 (linux64, Python) logging started Fri 04 Oct 2019 12:09:20 PM EDT

Academic license - for non-commercial use only

Gurobi 8.1.1 (linux64, Python) logging started Fri 04 Oct 2019 12:10:43 PM EDT

Academic license - for non-commercial use only

Gurobi 8.1.1 (linux64, Python) logging started Fri 04 Oct 2019 12:11:30 PM EDT

Academic license - for non-commercial use only

Gurobi 8.1.1 (linux64, Python) logging started Fri 04 Oct 2019 12:12:52 PM EDT

Academic license - for non-commercial use only

Gurobi 8.1.1 (linux64, Python) logging started Fri 04 Oct 2019 12:14:15 PM EDT

Academic license - for non-commercial use only

Gurobi 8.1.1 (linux64, Python) logging started Fri 04 Oct 2019 12:14:52 PM EDT

Academic license - for non-commercial use only

Gurobi 8.1.1 (linux64, Python) logging started Fri 04 Oct 2019 12:15:35 PM EDT

Academic license - for non-commercial use only

Gurobi 8.1.1 (linux64, Python) logging started Fri 04 Oct 2019 12:16:38 PM EDT

Academic license - for non-commercial use only

Gurobi 8.1.1 (linux64, Python) logging started Fri 04 Oct 2019 12:17:55 PM EDT

Academic license - for non-commercial use only

Gurobi 8.1.1 (linux64, Python) logging started Fri 04 Oct 2019 12:18:29 PM EDT

Academic license - for non-commercial use only

Gurobi 8.1.1 (linux64, Python) logging started Fri 04 Oct 2019 12:19:03 PM EDT

Academic license - for non-commercial use only

Gurobi 8.1.1 (linux64, Python) logging started Fri 04 Oct 2019 12:19:51 PM EDT

Academic license - for non-commercial use only

Gurobi 8.1.1 (linux64, Python) logging started Fri 04 Oct 2019 12:21:00 PM EDT

Academic license - for non-commercial use only

Gurobi 8.1.1 (linux64, Python) logging started Fri 04 Oct 2019 12:22:33 PM EDT

Academic license - for non-commercial use only

Gurobi 8.1.1 (linux64, Python) logging started Fri 04 Oct 2019 12:23:46 PM EDT

Academic license - for non-commercial use only

Gurobi 8.1.1 (linux64, Python) logging started Fri 04 Oct 2019 12:25:05 PM EDT

Academic license - for non-commercial use only

Gurobi 8.1.1 (linux64, Python) logging started Fri 04 Oct 2019 12:26:17 PM EDT

Academic license - for non-commercial use only

Gurobi 8.1.1 (linux64, Python) logging started Fri 04 Oct 2019 12:26:55 PM EDT

Academic license - for non-commercial use only

Gurobi 8.1.1 (linux64, Python) logging started Fri 04 Oct 2019 12:28:38 PM EDT

Academic license - for non-commercial use only

Gurobi 8.1.1 (linux64, Python) logging started Fri 04 Oct 2019 12:29:48 PM EDT

Academic license - for non-commercial use only

Gurobi 8.1.1 (linux64, Python) logging started Fri 04 Oct 2019 12:33:04 PM EDT

Academic license - for non-commercial use only

Gurobi 8.1.1 (linux64, Python) logging started Fri 04 Oct 2019 12:35:44 PM EDT

Academic license - for non-commercial use only

Gurobi 8.1.1 (linux64, Python) logging started Fri 04 Oct 2019 12:37:58 PM EDT

Academic license - for non-commercial use only

Gurobi 8.1.1 (linux64, Python) logging started Fri 04 Oct 2019 12:46:41 PM EDT

Academic license - for non-commercial use only

Gurobi 8.1.1 (linux64, Python) logging started Fri 04 Oct 2019 01:34:51 PM EDT

Academic license - for non-commercial use only

Gurobi 8.1.1 (linux64, Python) logging started Fri 04 Oct 2019 02:10:58 PM EDT

Academic license - for non-commercial use only

Gurobi 8.1.1 (linux64, Python) logging started Mon 07 Oct 2019 10:15:24 AM EDT

Academic license - for non-commercial use only

Gurobi 8.1.1 (linux64, Python) logging started Wed 09 Oct 2019 02:17:07 PM EDT

Academic license - for non-commercial use only

Gurobi 8.1.1 (linux64, Python) logging started Wed 09 Oct 2019 11:41:05 PM EDT

Academic license - for non-commercial use only

Gurobi 8.1.1 (linux64, Python) logging started Wed 09 Oct 2019 11:42:41 PM EDT

Academic license - for non-commercial use only

Gurobi 8.1.1 (linux64, Python) logging started Wed 09 Oct 2019 11:44:22 PM EDT

Academic license - for non-commercial use only

Gurobi 8.1.1 (linux64, Python) logging started Wed 09 Oct 2019 11:45:05 PM EDT

Academic license - for non-commercial use only

Gurobi 8.1.1 (linux64, Python) logging started Wed 09 Oct 2019 11:46:42 PM EDT

Academic license - for non-commercial use only

Gurobi 8.1.1 (linux64, Python) logging started Wed 09 Oct 2019 11:47:36 PM EDT

Academic license - for non-commercial use only

Gurobi 8.1.1 (linux64, Python) logging started Wed 09 Oct 2019 11:49:43 PM EDT

Academic license - for non-commercial use only

Gurobi 8.1.1 (linux64, Python) logging started Thu 10 Oct 2019 01:05:45 AM EDT

Academic license - for non-commercial use only

Gurobi 8.1.1 (linux64, Python) logging started Thu 10 Oct 2019 01:52:39 AM EDT

Academic license - for non-commercial use only

Gurobi 8.1.1 (linux64, Python) logging started Thu 10 Oct 2019 02:19:09 AM EDT

Academic license - for non-commercial use only

Gurobi 8.1.1 (linux64, Python) logging started Thu 10 Oct 2019 02:20:35 AM EDT

Academic license - for non-commercial use only

Gurobi 8.1.1 (linux64, Python) logging started Thu 10 Oct 2019 10:05:14 AM EDT

Academic license - for non-commercial use only

Gurobi 8.1.1 (linux64, Python) logging started Thu 10 Oct 2019 11:25:02 AM EDT

Academic license - for non-commercial use only

Gurobi 8.1.1 (linux64, Python) logging started Thu 10 Oct 2019 11:33:47 AM EDT

Academic license - for non-commercial use only

Gurobi 8.1.1 (linux64, Python) logging started Thu 10 Oct 2019 02:53:07 PM EDT

Academic license - for non-commercial use only

Gurobi 8.1.1 (linux64, Python) logging started Thu 10 Oct 2019 05:40:34 PM EDT

Academic license - for non-commercial use only

Gurobi 8.1.1 (linux64, Python) logging started Fri 11 Oct 2019 04:24:53 PM EDT

Academic license - for non-commercial use only

Gurobi 8.1.1 (linux64, Python) logging started Fri 11 Oct 2019 05:11:55 PM EDT

Academic license - for non-commercial use only

Gurobi 8.1.1 (linux64, Python) logging started Fri 11 Oct 2019 05:37:33 PM EDT

Academic license - for non-commercial use only

Gurobi 8.1.1 (linux64, Python) logging started Fri 11 Oct 2019 05:39:05 PM EDT

Academic license - for non-commercial use only

Gurobi 8.1.1 (linux64, Python) logging started Fri 11 Oct 2019 05:50:19 PM EDT

Academic license - for non-commercial use only

Gurobi 8.1.1 (linux64, Python) logging started Fri 11 Oct 2019 05:51:51 PM EDT

Academic license - for non-commercial use only

Gurobi 8.1.1 (linux64, Python) logging started Fri 11 Oct 2019 05:53:53 PM EDT

Academic license - for non-commercial use only

Gurobi 8.1.1 (linux64, Python) logging started Fri 11 Oct 2019 05:56:16 PM EDT

Academic license - for non-commercial use only

Gurobi 8.1.1 (linux64, Python) logging started Fri 11 Oct 2019 06:16:57 PM EDT

Academic license - for non-commercial use only

Gurobi 8.0.0 (linux64, Python) logging started Fri Oct 11 18:45:35 2019

Freed default Gurobi environment

Gurobi 8.0.0 (linux64, Python) logging started Fri Oct 11 18:58:21 2019

Freed default Gurobi environment

Gurobi 8.0.0 (linux64, Python) logging started Fri Oct 11 18:58:52 2019

Freed default Gurobi environment

Gurobi 8.0.0 (linux64, Python) logging started Fri Oct 11 19:02:17 2019

Freed default Gurobi environment

Gurobi 8.0.0 (linux64, Python) logging started Fri Oct 11 19:03:31 2019

Freed default Gurobi environment

Gurobi 8.0.0 (linux64, Python) logging started Fri Oct 11 19:04:59 2019

Freed default Gurobi environment

Gurobi 8.0.0 (linux64, Python) logging started Fri Oct 11 19:14:18 2019

Freed default Gurobi environment

Gurobi 8.0.0 (linux64, Python) logging started Fri Oct 11 19:15:05 2019

Freed default Gurobi environment

Gurobi 8.0.0 (linux64, Python) logging started Fri Oct 11 19:18:14 2019

Freed default Gurobi environment

Gurobi 8.0.0 (linux64, Python) logging started Fri Oct 11 19:21:06 2019

Freed default Gurobi environment

Gurobi 8.0.0 (linux64, Python) logging started Fri Oct 11 19:37:30 2019


Gurobi 8.0.0 (linux64, Python) logging started Fri Oct 11 20:59:31 2019


Gurobi 8.0.0 (linux64, Python) logging started Fri Oct 11 21:04:34 2019


Gurobi 8.0.0 (linux64, Python) logging started Fri Oct 11 22:36:48 2019

                                                                                                                                                                                                                                                                                                                                                                                                                                                                                                                                                                                
Gurobi 8.0.0 (linux64, Python) logging started Sun Oct 13 01:13:57 2019

                                                                                                                                                                                                                                                               Freed default Gurobi environment
Freed default Gurobi environment

Gurobi 8.0.0 (linux64, Python) logging started Sun Oct 13 03:26:36 2019


Gurobi 8.0.0 (linux64, Python) logging started Sun Oct 13 03:27:14 2019

Freed default Gurobi environment
Freed default Gurobi environment

Gurobi 8.0.0 (linux64, Python) logging started Sun Oct 13 22:49:51 2019

Freed default Gurobi environment

Gurobi 8.1.1 (linux64, Python) logging started Tue 15 Oct 2019 10:35:58 AM EDT

Academic license - for non-commercial use only

Gurobi 8.1.1 (linux64, Python) logging started Tue 15 Oct 2019 10:36:30 AM EDT

Academic license - for non-commercial use only

Gurobi 8.1.1 (linux64, Python) logging started Tue 15 Oct 2019 10:37:46 AM EDT

Academic license - for non-commercial use only

Gurobi 8.1.1 (linux64, Python) logging started Tue 15 Oct 2019 10:38:03 AM EDT

Academic license - for non-commercial use only

Gurobi 8.1.1 (linux64, Python) logging started Tue 15 Oct 2019 10:39:19 AM EDT

Academic license - for non-commercial use only

Gurobi 8.1.1 (linux64, Python) logging started Tue 15 Oct 2019 11:01:18 AM EDT

Academic license - for non-commercial use only

Gurobi 8.1.1 (linux64, Python) logging started Tue 15 Oct 2019 12:04:47 PM EDT

Academic license - for non-commercial use only

Gurobi 8.1.1 (linux64, Python) logging started Tue 15 Oct 2019 12:18:31 PM EDT

Academic license - for non-commercial use only

Gurobi 8.1.1 (linux64, Python) logging started Tue 15 Oct 2019 01:51:52 PM EDT

Academic license - for non-commercial use only

Gurobi 8.1.1 (linux64, Python) logging started Tue 15 Oct 2019 01:52:32 PM EDT

Academic license - for non-commercial use only

Gurobi 8.1.1 (linux64, Python) logging started Tue 15 Oct 2019 01:53:25 PM EDT

Academic license - for non-commercial use only

Gurobi 8.1.1 (linux64, Python) logging started Tue 15 Oct 2019 01:53:49 PM EDT

Academic license - for non-commercial use only

Gurobi 8.1.1 (linux64, Python) logging started Tue 15 Oct 2019 01:54:08 PM EDT

Academic license - for non-commercial use only

Gurobi 8.1.1 (linux64, Python) logging started Tue 15 Oct 2019 01:54:32 PM EDT

Academic license - for non-commercial use only

Gurobi 8.1.1 (linux64, Python) logging started Wed 16 Oct 2019 06:15:17 PM EDT

Academic license - for non-commercial use only

Gurobi 8.1.1 (linux64, Python) logging started Wed 16 Oct 2019 06:15:55 PM EDT

Academic license - for non-commercial use only

Gurobi 8.1.1 (linux64, Python) logging started Wed 16 Oct 2019 06:17:44 PM EDT

Academic license - for non-commercial use only

Gurobi 8.1.1 (linux64, Python) logging started Wed 16 Oct 2019 06:18:56 PM EDT

Academic license - for non-commercial use only

Gurobi 8.1.1 (linux64, Python) logging started Wed 16 Oct 2019 06:20:42 PM EDT

Academic license - for non-commercial use only

Gurobi 8.1.1 (linux64, Python) logging started Wed 16 Oct 2019 06:21:57 PM EDT

Academic license - for non-commercial use only

Gurobi 8.1.1 (linux64, Python) logging started Wed 16 Oct 2019 10:30:28 PM EDT

Academic license - for non-commercial use only

Gurobi 8.1.1 (linux64, Python) logging started Wed 16 Oct 2019 10:39:06 PM EDT

Academic license - for non-commercial use only

Gurobi 8.1.1 (linux64, Python) logging started Wed 16 Oct 2019 10:43:16 PM EDT

Academic license - for non-commercial use only

Gurobi 8.1.1 (linux64, Python) logging started Wed 16 Oct 2019 11:18:16 PM EDT

Academic license - for non-commercial use only

Gurobi 8.1.1 (linux64, Python) logging started Thu 17 Oct 2019 02:47:00 AM EDT

Academic license - for non-commercial use only

Gurobi 8.1.1 (linux64, Python) logging started Thu 17 Oct 2019 02:49:26 AM EDT

Academic license - for non-commercial use only

Gurobi 8.1.1 (linux64, Python) logging started Thu 17 Oct 2019 10:10:18 AM EDT

Academic license - for non-commercial use only

Gurobi 8.1.1 (linux64, Python) logging started Thu 17 Oct 2019 11:20:43 AM EDT

Academic license - for non-commercial use only

Gurobi 8.1.1 (linux64, Python) logging started Thu 17 Oct 2019 11:23:58 AM EDT

Academic license - for non-commercial use only

Gurobi 8.1.1 (linux64, Python) logging started Thu 17 Oct 2019 11:24:18 AM EDT

Academic license - for non-commercial use only

Gurobi 8.1.1 (linux64, Python) logging started Thu 17 Oct 2019 11:27:05 AM EDT

Academic license - for non-commercial use only

Gurobi 8.1.1 (linux64, Python) logging started Thu 17 Oct 2019 11:28:10 AM EDT

Academic license - for non-commercial use only

Gurobi 8.1.1 (linux64, Python) logging started Thu 17 Oct 2019 11:35:16 AM EDT

Academic license - for non-commercial use only

Gurobi 8.1.1 (linux64, Python) logging started Thu 17 Oct 2019 11:42:26 AM EDT

Academic license - for non-commercial use only

Gurobi 8.1.1 (linux64, Python) logging started Thu 17 Oct 2019 11:43:19 AM EDT

Academic license - for non-commercial use only

Gurobi 8.1.1 (linux64, Python) logging started Thu 17 Oct 2019 01:04:03 PM EDT

Academic license - for non-commercial use only

Gurobi 8.1.1 (linux64, Python) logging started Thu 17 Oct 2019 01:40:53 PM EDT

Academic license - for non-commercial use only

Gurobi 8.1.1 (linux64, Python) logging started Thu 24 Oct 2019 01:16:52 PM EDT

Academic license - for non-commercial use only

Gurobi 8.1.1 (linux64, Python) logging started Thu 24 Oct 2019 01:19:49 PM EDT

Academic license - for non-commercial use only

Gurobi 8.1.1 (linux64, Python) logging started Thu 24 Oct 2019 01:21:20 PM EDT

Academic license - for non-commercial use only

Gurobi 8.1.1 (linux64, Python) logging started Thu 24 Oct 2019 02:00:56 PM EDT

Academic license - for non-commercial use only

Gurobi 8.1.1 (linux64, Python) logging started Thu 24 Oct 2019 06:24:34 PM EDT

Academic license - for non-commercial use only
